<?xml version="1.0" encoding="UTF-8"?>
<testsuite xmlns:xsi="http://www.w3.org/2001/XMLSchema-instance" xsi:noNamespaceSchemaLocation="https://maven.apache.org/surefire/maven-failsafe-plugin/xsd/failsafe-test-report.xsd" name="Login User" time="16.065" tests="1" errors="0" skipped="0" failures="1">
  <properties>
    <property name="gopherProxySet" value="false"/>
    <property name="awt.toolkit" value="sun.lwawt.macosx.LWCToolkit"/>
    <property name="java.specification.version" value="11"/>
    <property name="webdriver.chrome.driver" value="/Users/juniorgodoy/IdeaProjects/SeleniumExercise/src/test/resources/webdriver/chromedriver"/>
    <property name="sun.cpu.isalist" value=""/>
    <property name="sun.jnu.encoding" value="UTF-8"/>
    <property name="java.class.path" value="/Users/juniorgodoy/IdeaProjects/SeleniumExercise/target/test-classes:/Users/juniorgodoy/IdeaProjects/SeleniumExercise/target/SeleniumExercise-1.0-SNAPSHOT.jar:/Users/juniorgodoy/.m2/repository/ch/qos/logback/logback-classic/1.0.13/logback-classic-1.0.13.jar:/Users/juniorgodoy/.m2/repository/ch/qos/logback/logback-core/1.0.13/logback-core-1.0.13.jar:/Users/juniorgodoy/.m2/repository/org/slf4j/slf4j-api/1.7.5/slf4j-api-1.7.5.jar:/Users/juniorgodoy/.m2/repository/net/serenity-bdd/serenity-core/2.0.40/serenity-core-2.0.40.jar:/Users/juniorgodoy/.m2/repository/net/bytebuddy/byte-buddy/1.9.6/byte-buddy-1.9.6.jar:/Users/juniorgodoy/.m2/repository/net/bytebuddy/byte-buddy-agent/1.9.6/byte-buddy-agent-1.9.6.jar:/Users/juniorgodoy/.m2/repository/com/google/guava/guava/25.0-jre/guava-25.0-jre.jar:/Users/juniorgodoy/.m2/repository/com/google/code/findbugs/jsr305/1.3.9/jsr305-1.3.9.jar:/Users/juniorgodoy/.m2/repository/org/checkerframework/checker-compat-qual/2.0.0/checker-compat-qual-2.0.0.jar:/Users/juniorgodoy/.m2/repository/com/google/errorprone/error_prone_annotations/2.1.3/error_prone_annotations-2.1.3.jar:/Users/juniorgodoy/.m2/repository/com/google/j2objc/j2objc-annotations/1.1/j2objc-annotations-1.1.jar:/Users/juniorgodoy/.m2/repository/org/codehaus/mojo/animal-sniffer-annotations/1.14/animal-sniffer-annotations-1.14.jar:/Users/juniorgodoy/.m2/repository/com/google/inject/guice/4.2.2/guice-4.2.2.jar:/Users/juniorgodoy/.m2/repository/javax/inject/javax.inject/1/javax.inject-1.jar:/Users/juniorgodoy/.m2/repository/aopalliance/aopalliance/1.0/aopalliance-1.0.jar:/Users/juniorgodoy/.m2/repository/cglib/cglib/3.2.5/cglib-3.2.5.jar:/Users/juniorgodoy/.m2/repository/org/ow2/asm/asm/5.0.3/asm-5.0.3.jar:/Users/juniorgodoy/.m2/repository/commons-codec/commons-codec/1.10/commons-codec-1.10.jar:/Users/juniorgodoy/.m2/repository/org/objenesis/objenesis/2.6/objenesis-2.6.jar:/Users/juniorgodoy/.m2/repository/xml-apis/xml-apis/1.4.01/xml-apis-1.4.01.jar:/Users/juniorgodoy/.m2/repository/io/cucumber/cucumber-core/2.4.0/cucumber-core-2.4.0.jar:/Users/juniorgodoy/.m2/repository/info/cukes/cucumber-html/0.2.6/cucumber-html-0.2.6.jar:/Users/juniorgodoy/.m2/repository/io/cucumber/cucumber-jvm-deps/1.0.6/cucumber-jvm-deps-1.0.6.jar:/Users/juniorgodoy/.m2/repository/io/cucumber/gherkin/5.0.0/gherkin-5.0.0.jar:/Users/juniorgodoy/.m2/repository/io/cucumber/tag-expressions/1.1.1/tag-expressions-1.1.1.jar:/Users/juniorgodoy/.m2/repository/commons-logging/commons-logging/1.2/commons-logging-1.2.jar:/Users/juniorgodoy/.m2/repository/io/vavr/vavr/0.9.0/vavr-0.9.0.jar:/Users/juniorgodoy/.m2/repository/io/vavr/vavr-match/0.9.0/vavr-match-0.9.0.jar:/Users/juniorgodoy/.m2/repository/javax/xml/bind/jaxb-api/2.2.12/jaxb-api-2.2.12.jar:/Users/juniorgodoy/.m2/repository/com/sun/xml/bind/jaxb-core/2.3.0.1/jaxb-core-2.3.0.1.jar:/Users/juniorgodoy/.m2/repository/com/sun/xml/bind/jaxb-impl/2.3.0.1/jaxb-impl-2.3.0.1.jar:/Users/juniorgodoy/.m2/repository/javax/activation/activation/1.1.1/activation-1.1.1.jar:/Users/juniorgodoy/.m2/repository/org/mockito/mockito-core/2.23.4/mockito-core-2.23.4.jar:/Users/juniorgodoy/.m2/repository/net/serenity-bdd/serenity-report-resources/2.0.40/serenity-report-resources-2.0.40.jar:/Users/juniorgodoy/.m2/repository/net/serenity-bdd/serenity-model/2.0.40/serenity-model-2.0.40.jar:/Users/juniorgodoy/.m2/repository/commons-net/commons-net/3.6/commons-net-3.6.jar:/Users/juniorgodoy/.m2/repository/org/apache/commons/commons-text/1.6/commons-text-1.6.jar:/Users/juniorgodoy/.m2/repository/net/serenity-bdd/serenity-reports/2.0.40/serenity-reports-2.0.40.jar:/Users/juniorgodoy/.m2/repository/net/serenity-bdd/serenity-stats/2.0.40/serenity-stats-2.0.40.jar:/Users/juniorgodoy/.m2/repository/org/jetbrains/kotlin/kotlin-stdlib/1.2.51/kotlin-stdlib-1.2.51.jar:/Users/juniorgodoy/.m2/repository/org/jetbrains/kotlin/kotlin-stdlib-common/1.2.51/kotlin-stdlib-common-1.2.51.jar:/Users/juniorgodoy/.m2/repository/org/jetbrains/annotations/13.0/annotations-13.0.jar:/Users/juniorgodoy/.m2/repository/com/google/code/gson/gson/2.8.4/gson-2.8.4.jar:/Users/juniorgodoy/.m2/repository/commons-io/commons-io/2.6/commons-io-2.6.jar:/Users/juniorgodoy/.m2/repository/org/seleniumhq/selenium/selenium-server/3.141.59/selenium-server-3.141.59.jar:/Users/juniorgodoy/.m2/repository/org/seleniumhq/selenium/selenium-firefox-driver/3.141.59/selenium-firefox-driver-3.141.59.jar:/Users/juniorgodoy/.m2/repository/org/seleniumhq/selenium/selenium-ie-driver/3.141.59/selenium-ie-driver-3.141.59.jar:/Users/juniorgodoy/.m2/repository/com/beust/jcommander/1.72/jcommander-1.72.jar:/Users/juniorgodoy/.m2/repository/org/apache/commons/commons-exec/1.3/commons-exec-1.3.jar:/Users/juniorgodoy/.m2/repository/net/jcip/jcip-annotations/1.0/jcip-annotations-1.0.jar:/Users/juniorgodoy/.m2/repository/org/seleniumhq/selenium/jetty-repacked/9.4.12.v20180830/jetty-repacked-9.4.12.v20180830.jar:/Users/juniorgodoy/.m2/repository/com/squareup/okhttp3/okhttp/3.11.0/okhttp-3.11.0.jar:/Users/juniorgodoy/.m2/repository/com/squareup/okio/okio/1.14.0/okio-1.14.0.jar:/Users/juniorgodoy/.m2/repository/javax/servlet/javax.servlet-api/3.1.0/javax.servlet-api-3.1.0.jar:/Users/juniorgodoy/.m2/repository/org/yaml/snakeyaml/1.19/snakeyaml-1.19.jar:/Users/juniorgodoy/.m2/repository/org/seleniumhq/selenium/selenium-java/3.141.59/selenium-java-3.141.59.jar:/Users/juniorgodoy/.m2/repository/org/seleniumhq/selenium/selenium-api/3.141.59/selenium-api-3.141.59.jar:/Users/juniorgodoy/.m2/repository/org/seleniumhq/selenium/selenium-chrome-driver/3.141.59/selenium-chrome-driver-3.141.59.jar:/Users/juniorgodoy/.m2/repository/org/seleniumhq/selenium/selenium-edge-driver/3.141.59/selenium-edge-driver-3.141.59.jar:/Users/juniorgodoy/.m2/repository/org/seleniumhq/selenium/selenium-remote-driver/3.141.59/selenium-remote-driver-3.141.59.jar:/Users/juniorgodoy/.m2/repository/org/seleniumhq/selenium/selenium-safari-driver/3.141.59/selenium-safari-driver-3.141.59.jar:/Users/juniorgodoy/.m2/repository/org/seleniumhq/selenium/selenium-opera-driver/3.141.59/selenium-opera-driver-3.141.59.jar:/Users/juniorgodoy/.m2/repository/org/seleniumhq/selenium/selenium-support/3.141.59/selenium-support-3.141.59.jar:/Users/juniorgodoy/.m2/repository/com/paulhammant/ngwebdriver/1.1.4/ngwebdriver-1.1.4.jar:/Users/juniorgodoy/.m2/repository/com/codeborne/phantomjsdriver/1.4.4/phantomjsdriver-1.4.4.jar:/Users/juniorgodoy/.m2/repository/org/eclipse/jetty/jetty-util/9.4.8.v20171121/jetty-util-9.4.8.v20171121.jar:/Users/juniorgodoy/.m2/repository/org/eclipse/jetty/jetty-io/9.4.8.v20171121/jetty-io-9.4.8.v20171121.jar:/Users/juniorgodoy/.m2/repository/org/seleniumhq/selenium/htmlunit-driver/2.33.1/htmlunit-driver-2.33.1.jar:/Users/juniorgodoy/.m2/repository/io/appium/java-client/6.1.0/java-client-6.1.0.jar:/Users/juniorgodoy/.m2/repository/commons-validator/commons-validator/1.6/commons-validator-1.6.jar:/Users/juniorgodoy/.m2/repository/commons-beanutils/commons-beanutils/1.9.2/commons-beanutils-1.9.2.jar:/Users/juniorgodoy/.m2/repository/commons-digester/commons-digester/1.8.1/commons-digester-1.8.1.jar:/Users/juniorgodoy/.m2/repository/org/springframework/spring-context/5.0.5.RELEASE/spring-context-5.0.5.RELEASE.jar:/Users/juniorgodoy/.m2/repository/org/springframework/spring-aop/5.0.5.RELEASE/spring-aop-5.0.5.RELEASE.jar:/Users/juniorgodoy/.m2/repository/org/springframework/spring-beans/5.0.5.RELEASE/spring-beans-5.0.5.RELEASE.jar:/Users/juniorgodoy/.m2/repository/org/springframework/spring-core/5.0.5.RELEASE/spring-core-5.0.5.RELEASE.jar:/Users/juniorgodoy/.m2/repository/org/springframework/spring-jcl/5.0.5.RELEASE/spring-jcl-5.0.5.RELEASE.jar:/Users/juniorgodoy/.m2/repository/org/springframework/spring-expression/5.0.5.RELEASE/spring-expression-5.0.5.RELEASE.jar:/Users/juniorgodoy/.m2/repository/org/aspectj/aspectjweaver/1.9.1/aspectjweaver-1.9.1.jar:/Users/juniorgodoy/.m2/repository/org/openpnp/opencv/3.2.0-1/opencv-3.2.0-1.jar:/Users/juniorgodoy/.m2/repository/org/glassfish/tyrus/tyrus-core/1.13.1/tyrus-core-1.13.1.jar:/Users/juniorgodoy/.m2/repository/org/glassfish/tyrus/tyrus-spi/1.13.1/tyrus-spi-1.13.1.jar:/Users/juniorgodoy/.m2/repository/javax/websocket/javax.websocket-api/1.1/javax.websocket-api-1.1.jar:/Users/juniorgodoy/.m2/repository/org/codehaus/groovy/groovy/2.5.5/groovy-2.5.5.jar:/Users/juniorgodoy/.m2/repository/net/sf/opencsv/opencsv/2.0/opencsv-2.0.jar:/Users/juniorgodoy/.m2/repository/commons-beanutils/commons-beanutils-core/1.8.3/commons-beanutils-core-1.8.3.jar:/Users/juniorgodoy/.m2/repository/joda-time/joda-time/2.7/joda-time-2.7.jar:/Users/juniorgodoy/.m2/repository/com/thoughtworks/xstream/xstream/1.4.9/xstream-1.4.9.jar:/Users/juniorgodoy/.m2/repository/xmlpull/xmlpull/1.1.3.1/xmlpull-1.1.3.1.jar:/Users/juniorgodoy/.m2/repository/xpp3/xpp3_min/1.1.4c/xpp3_min-1.1.4c.jar:/Users/juniorgodoy/.m2/repository/org/apache/commons/commons-lang3/3.8.1/commons-lang3-3.8.1.jar:/Users/juniorgodoy/.m2/repository/commons-collections/commons-collections/3.2.2/commons-collections-3.2.2.jar:/Users/juniorgodoy/.m2/repository/org/freemarker/freemarker/2.3.28/freemarker-2.3.28.jar:/Users/juniorgodoy/.m2/repository/net/sourceforge/jexcelapi/jxl/2.6.12/jxl-2.6.12.jar:/Users/juniorgodoy/.m2/repository/org/hamcrest/hamcrest-core/1.3/hamcrest-core-1.3.jar:/Users/juniorgodoy/.m2/repository/org/hamcrest/hamcrest-library/1.3/hamcrest-library-1.3.jar:/Users/juniorgodoy/.m2/repository/net/sourceforge/htmlunit/htmlunit/2.33/htmlunit-2.33.jar:/Users/juniorgodoy/.m2/repository/net/sourceforge/htmlunit/htmlunit-core-js/2.33/htmlunit-core-js-2.33.jar:/Users/juniorgodoy/.m2/repository/net/sourceforge/htmlunit/neko-htmlunit/2.33/neko-htmlunit-2.33.jar:/Users/juniorgodoy/.m2/repository/xerces/xercesImpl/2.12.0/xercesImpl-2.12.0.jar:/Users/juniorgodoy/.m2/repository/net/sourceforge/htmlunit/htmlunit-cssparser/1.2.0/htmlunit-cssparser-1.2.0.jar:/Users/juniorgodoy/.m2/repository/org/eclipse/jetty/websocket/websocket-client/9.4.12.v20180830/websocket-client-9.4.12.v20180830.jar:/Users/juniorgodoy/.m2/repository/org/eclipse/jetty/jetty-client/9.4.12.v20180830/jetty-client-9.4.12.v20180830.jar:/Users/juniorgodoy/.m2/repository/org/eclipse/jetty/jetty-http/9.4.12.v20180830/jetty-http-9.4.12.v20180830.jar:/Users/juniorgodoy/.m2/repository/org/eclipse/jetty/jetty-xml/9.4.12.v20180830/jetty-xml-9.4.12.v20180830.jar:/Users/juniorgodoy/.m2/repository/org/eclipse/jetty/websocket/websocket-common/9.4.12.v20180830/websocket-common-9.4.12.v20180830.jar:/Users/juniorgodoy/.m2/repository/org/eclipse/jetty/websocket/websocket-api/9.4.12.v20180830/websocket-api-9.4.12.v20180830.jar:/Users/juniorgodoy/.m2/repository/org/apache/httpcomponents/httpclient/4.5.5/httpclient-4.5.5.jar:/Users/juniorgodoy/.m2/repository/org/apache/httpcomponents/httpcore/4.4.9/httpcore-4.4.9.jar:/Users/juniorgodoy/.m2/repository/org/apache/httpcomponents/httpmime/4.5.5/httpmime-4.5.5.jar:/Users/juniorgodoy/.m2/repository/org/fluentlenium/fluentlenium-core/0.10.2/fluentlenium-core-0.10.2.jar:/Users/juniorgodoy/.m2/repository/com/jhlabs/filters/2.0.235/filters-2.0.235.jar:/Users/juniorgodoy/.m2/repository/org/asciidoctor/asciidoctorj/1.5.6/asciidoctorj-1.5.6.jar:/Users/juniorgodoy/.m2/repository/org/jruby/jruby-complete/1.7.26/jruby-complete-1.7.26.jar:/Users/juniorgodoy/.m2/repository/org/imgscalr/imgscalr-lib/4.2/imgscalr-lib-4.2.jar:/Users/juniorgodoy/.m2/repository/javax/el/javax.el-api/2.2.4/javax.el-api-2.2.4.jar:/Users/juniorgodoy/.m2/repository/org/glassfish/web/javax.el/2.2.4/javax.el-2.2.4.jar:/Users/juniorgodoy/.m2/repository/xalan/xalan/2.7.2/xalan-2.7.2.jar:/Users/juniorgodoy/.m2/repository/xalan/serializer/2.7.2/serializer-2.7.2.jar:/Users/juniorgodoy/.m2/repository/org/awaitility/awaitility/3.1.0/awaitility-3.1.0.jar:/Users/juniorgodoy/.m2/repository/com/typesafe/config/1.3.1/config-1.3.1.jar:/Users/juniorgodoy/.m2/repository/org/jsoup/jsoup/1.10.3/jsoup-1.10.3.jar:/Users/juniorgodoy/.m2/repository/com/google/jimfs/jimfs/1.1/jimfs-1.1.jar:/Users/juniorgodoy/.m2/repository/es/nitaur/markdown/txtmark/0.16/txtmark-0.16.jar:/Users/juniorgodoy/.m2/repository/com/vladsch/flexmark/flexmark-all/0.34.30/flexmark-all-0.34.30.jar:/Users/juniorgodoy/.m2/repository/com/vladsch/flexmark/flexmark/0.34.30/flexmark-0.34.30.jar:/Users/juniorgodoy/.m2/repository/com/vladsch/flexmark/flexmark-ext-abbreviation/0.34.30/flexmark-ext-abbreviation-0.34.30.jar:/Users/juniorgodoy/.m2/repository/com/vladsch/flexmark/flexmark-ext-admonition/0.34.30/flexmark-ext-admonition-0.34.30.jar:/Users/juniorgodoy/.m2/repository/com/vladsch/flexmark/flexmark-ext-anchorlink/0.34.30/flexmark-ext-anchorlink-0.34.30.jar:/Users/juniorgodoy/.m2/repository/com/vladsch/flexmark/flexmark-ext-aside/0.34.30/flexmark-ext-aside-0.34.30.jar:/Users/juniorgodoy/.m2/repository/com/vladsch/flexmark/flexmark-ext-attributes/0.34.30/flexmark-ext-attributes-0.34.30.jar:/Users/juniorgodoy/.m2/repository/com/vladsch/flexmark/flexmark-ext-autolink/0.34.30/flexmark-ext-autolink-0.34.30.jar:/Users/juniorgodoy/.m2/repository/org/nibor/autolink/autolink/0.6.0/autolink-0.6.0.jar:/Users/juniorgodoy/.m2/repository/com/vladsch/flexmark/flexmark-ext-definition/0.34.30/flexmark-ext-definition-0.34.30.jar:/Users/juniorgodoy/.m2/repository/com/vladsch/flexmark/flexmark-ext-emoji/0.34.30/flexmark-ext-emoji-0.34.30.jar:/Users/juniorgodoy/.m2/repository/com/vladsch/flexmark/flexmark-ext-enumerated-reference/0.34.30/flexmark-ext-enumerated-reference-0.34.30.jar:/Users/juniorgodoy/.m2/repository/com/vladsch/flexmark/flexmark-ext-escaped-character/0.34.30/flexmark-ext-escaped-character-0.34.30.jar:/Users/juniorgodoy/.m2/repository/com/vladsch/flexmark/flexmark-ext-footnotes/0.34.30/flexmark-ext-footnotes-0.34.30.jar:/Users/juniorgodoy/.m2/repository/com/vladsch/flexmark/flexmark-ext-gfm-issues/0.34.30/flexmark-ext-gfm-issues-0.34.30.jar:/Users/juniorgodoy/.m2/repository/com/vladsch/flexmark/flexmark-ext-gfm-strikethrough/0.34.30/flexmark-ext-gfm-strikethrough-0.34.30.jar:/Users/juniorgodoy/.m2/repository/com/vladsch/flexmark/flexmark-ext-gfm-tables/0.34.30/flexmark-ext-gfm-tables-0.34.30.jar:/Users/juniorgodoy/.m2/repository/com/vladsch/flexmark/flexmark-ext-gfm-tasklist/0.34.30/flexmark-ext-gfm-tasklist-0.34.30.jar:/Users/juniorgodoy/.m2/repository/com/vladsch/flexmark/flexmark-ext-gfm-users/0.34.30/flexmark-ext-gfm-users-0.34.30.jar:/Users/juniorgodoy/.m2/repository/com/vladsch/flexmark/flexmark-ext-gitlab/0.34.30/flexmark-ext-gitlab-0.34.30.jar:/Users/juniorgodoy/.m2/repository/com/vladsch/flexmark/flexmark-ext-jekyll-front-matter/0.34.30/flexmark-ext-jekyll-front-matter-0.34.30.jar:/Users/juniorgodoy/.m2/repository/com/vladsch/flexmark/flexmark-ext-jekyll-tag/0.34.30/flexmark-ext-jekyll-tag-0.34.30.jar:/Users/juniorgodoy/.m2/repository/com/vladsch/flexmark/flexmark-ext-media-tags/0.34.30/flexmark-ext-media-tags-0.34.30.jar:/Users/juniorgodoy/.m2/repository/com/vladsch/flexmark/flexmark-test-util/0.34.30/flexmark-test-util-0.34.30.jar:/Users/juniorgodoy/.m2/repository/com/vladsch/flexmark/flexmark-ext-ins/0.34.30/flexmark-ext-ins-0.34.30.jar:/Users/juniorgodoy/.m2/repository/com/vladsch/flexmark/flexmark-ext-xwiki-macros/0.34.30/flexmark-ext-xwiki-macros-0.34.30.jar:/Users/juniorgodoy/.m2/repository/com/vladsch/flexmark/flexmark-ext-superscript/0.34.30/flexmark-ext-superscript-0.34.30.jar:/Users/juniorgodoy/.m2/repository/com/vladsch/flexmark/flexmark-ext-tables/0.34.30/flexmark-ext-tables-0.34.30.jar:/Users/juniorgodoy/.m2/repository/com/vladsch/flexmark/flexmark-ext-toc/0.34.30/flexmark-ext-toc-0.34.30.jar:/Users/juniorgodoy/.m2/repository/com/vladsch/flexmark/flexmark-ext-typographic/0.34.30/flexmark-ext-typographic-0.34.30.jar:/Users/juniorgodoy/.m2/repository/com/vladsch/flexmark/flexmark-ext-wikilink/0.34.30/flexmark-ext-wikilink-0.34.30.jar:/Users/juniorgodoy/.m2/repository/com/vladsch/flexmark/flexmark-ext-yaml-front-matter/0.34.30/flexmark-ext-yaml-front-matter-0.34.30.jar:/Users/juniorgodoy/.m2/repository/com/vladsch/flexmark/flexmark-ext-youtube-embedded/0.34.30/flexmark-ext-youtube-embedded-0.34.30.jar:/Users/juniorgodoy/.m2/repository/com/vladsch/flexmark/flexmark-formatter/0.34.30/flexmark-formatter-0.34.30.jar:/Users/juniorgodoy/.m2/repository/com/vladsch/flexmark/flexmark-html-parser/0.34.30/flexmark-html-parser-0.34.30.jar:/Users/juniorgodoy/.m2/repository/com/vladsch/flexmark/flexmark-jira-converter/0.34.30/flexmark-jira-converter-0.34.30.jar:/Users/juniorgodoy/.m2/repository/com/vladsch/flexmark/flexmark-pdf-converter/0.34.30/flexmark-pdf-converter-0.34.30.jar:/Users/juniorgodoy/.m2/repository/com/openhtmltopdf/openhtmltopdf-core/0.0.1-RC13/openhtmltopdf-core-0.0.1-RC13.jar:/Users/juniorgodoy/.m2/repository/com/openhtmltopdf/openhtmltopdf-pdfbox/0.0.1-RC13/openhtmltopdf-pdfbox-0.0.1-RC13.jar:/Users/juniorgodoy/.m2/repository/org/apache/pdfbox/pdfbox/2.0.8/pdfbox-2.0.8.jar:/Users/juniorgodoy/.m2/repository/org/apache/pdfbox/fontbox/2.0.8/fontbox-2.0.8.jar:/Users/juniorgodoy/.m2/repository/org/apache/pdfbox/xmpbox/2.0.8/xmpbox-2.0.8.jar:/Users/juniorgodoy/.m2/repository/de/rototor/pdfbox/graphics2d/0.12/graphics2d-0.12.jar:/Users/juniorgodoy/.m2/repository/com/openhtmltopdf/openhtmltopdf-rtl-support/0.0.1-RC13/openhtmltopdf-rtl-support-0.0.1-RC13.jar:/Users/juniorgodoy/.m2/repository/com/ibm/icu/icu4j/59.1/icu4j-59.1.jar:/Users/juniorgodoy/.m2/repository/com/openhtmltopdf/openhtmltopdf-jsoup-dom-converter/0.0.1-RC13/openhtmltopdf-jsoup-dom-converter-0.0.1-RC13.jar:/Users/juniorgodoy/.m2/repository/com/vladsch/flexmark/flexmark-profile-pegdown/0.34.30/flexmark-profile-pegdown-0.34.30.jar:/Users/juniorgodoy/.m2/repository/com/vladsch/flexmark/flexmark-util/0.34.30/flexmark-util-0.34.30.jar:/Users/juniorgodoy/.m2/repository/com/vladsch/flexmark/flexmark-youtrack-converter/0.34.30/flexmark-youtrack-converter-0.34.30.jar:/Users/juniorgodoy/.m2/repository/net/serenity-bdd/serenity-junit/2.0.40/serenity-junit-2.0.40.jar:/Users/juniorgodoy/.m2/repository/net/serenity-bdd/serenity-screenplay/2.0.40/serenity-screenplay-2.0.40.jar:/Users/juniorgodoy/.m2/repository/uk/com/robust-it/cloning/1.9.10/cloning-1.9.10.jar:/Users/juniorgodoy/.m2/repository/net/serenity-bdd/serenity-screenplay-webdriver/2.0.40/serenity-screenplay-webdriver-2.0.40.jar:/Users/juniorgodoy/.m2/repository/net/serenity-bdd/serenity-cucumber/1.9.31/serenity-cucumber-1.9.31.jar:/Users/juniorgodoy/.m2/repository/io/cucumber/cucumber-java/2.4.0/cucumber-java-2.4.0.jar:/Users/juniorgodoy/.m2/repository/io/cucumber/cucumber-junit/2.4.0/cucumber-junit-2.4.0.jar:/Users/juniorgodoy/.m2/repository/org/apache/commons/commons-csv/1.5/commons-csv-1.5.jar:/Users/juniorgodoy/.m2/repository/junit/junit/4.12/junit-4.12.jar:/Users/juniorgodoy/.m2/repository/org/assertj/assertj-core/3.6.2/assertj-core-3.6.2.jar:/Users/juniorgodoy/.m2/repository/org/hamcrest/hamcrest-all/1.3/hamcrest-all-1.3.jar:/Users/juniorgodoy/.m2/repository/net/serenity-bdd/serenity-rest-assured/2.0.90/serenity-rest-assured-2.0.90.jar:/Users/juniorgodoy/.m2/repository/io/rest-assured/rest-assured/3.3.0/rest-assured-3.3.0.jar:/Users/juniorgodoy/.m2/repository/org/ccil/cowan/tagsoup/tagsoup/1.2.1/tagsoup-1.2.1.jar:/Users/juniorgodoy/.m2/repository/io/rest-assured/json-path/3.3.0/json-path-3.3.0.jar:/Users/juniorgodoy/.m2/repository/io/rest-assured/rest-assured-common/3.3.0/rest-assured-common-3.3.0.jar:/Users/juniorgodoy/.m2/repository/io/rest-assured/xml-path/3.3.0/xml-path-3.3.0.jar:/Users/juniorgodoy/.m2/repository/com/sun/xml/bind/jaxb-osgi/2.2.10/jaxb-osgi-2.2.10.jar:/Users/juniorgodoy/.m2/repository/org/apache/sling/org.apache.sling.javax.activation/0.1.0/org.apache.sling.javax.activation-0.1.0.jar:/Users/juniorgodoy/.m2/repository/org/codehaus/groovy/groovy-xml/2.5.5/groovy-xml-2.5.5.jar:/Users/juniorgodoy/.m2/repository/org/codehaus/groovy/groovy-json/2.5.5/groovy-json-2.5.5.jar:"/>
    <property name="java.vm.vendor" value="Oracle Corporation"/>
    <property name="sun.arch.data.model" value="64"/>
    <property name="sun.font.fontmanager" value="sun.font.CFontManager"/>
    <property name="java.vendor.url" value="https://openjdk.java.net/"/>
    <property name="user.timezone" value="America/Asuncion"/>
    <property name="java.vm.specification.version" value="11"/>
    <property name="os.name" value="Mac OS X"/>
    <property name="sun.java.launcher" value="SUN_STANDARD"/>
    <property name="user.country" value="US"/>
    <property name="sun.boot.library.path" value="/Library/Java/JavaVirtualMachines/jdk-11.0.17.jdk/Contents/Home/lib"/>
    <property name="sun.java.command" value="/Users/juniorgodoy/IdeaProjects/SeleniumExercise/target/surefire/surefirebooter7537196483022424895.jar /Users/juniorgodoy/IdeaProjects/SeleniumExercise/target/surefire 2023-05-05T14-06-24_548-jvmRun1 surefire14242129600384700958tmp surefire_05004965099623047141tmp"/>
    <property name="jdk.debug" value="release"/>
    <property name="surefire.test.class.path" value="/Users/juniorgodoy/IdeaProjects/SeleniumExercise/target/test-classes:/Users/juniorgodoy/IdeaProjects/SeleniumExercise/target/SeleniumExercise-1.0-SNAPSHOT.jar:/Users/juniorgodoy/.m2/repository/ch/qos/logback/logback-classic/1.0.13/logback-classic-1.0.13.jar:/Users/juniorgodoy/.m2/repository/ch/qos/logback/logback-core/1.0.13/logback-core-1.0.13.jar:/Users/juniorgodoy/.m2/repository/org/slf4j/slf4j-api/1.7.5/slf4j-api-1.7.5.jar:/Users/juniorgodoy/.m2/repository/net/serenity-bdd/serenity-core/2.0.40/serenity-core-2.0.40.jar:/Users/juniorgodoy/.m2/repository/net/bytebuddy/byte-buddy/1.9.6/byte-buddy-1.9.6.jar:/Users/juniorgodoy/.m2/repository/net/bytebuddy/byte-buddy-agent/1.9.6/byte-buddy-agent-1.9.6.jar:/Users/juniorgodoy/.m2/repository/com/google/guava/guava/25.0-jre/guava-25.0-jre.jar:/Users/juniorgodoy/.m2/repository/com/google/code/findbugs/jsr305/1.3.9/jsr305-1.3.9.jar:/Users/juniorgodoy/.m2/repository/org/checkerframework/checker-compat-qual/2.0.0/checker-compat-qual-2.0.0.jar:/Users/juniorgodoy/.m2/repository/com/google/errorprone/error_prone_annotations/2.1.3/error_prone_annotations-2.1.3.jar:/Users/juniorgodoy/.m2/repository/com/google/j2objc/j2objc-annotations/1.1/j2objc-annotations-1.1.jar:/Users/juniorgodoy/.m2/repository/org/codehaus/mojo/animal-sniffer-annotations/1.14/animal-sniffer-annotations-1.14.jar:/Users/juniorgodoy/.m2/repository/com/google/inject/guice/4.2.2/guice-4.2.2.jar:/Users/juniorgodoy/.m2/repository/javax/inject/javax.inject/1/javax.inject-1.jar:/Users/juniorgodoy/.m2/repository/aopalliance/aopalliance/1.0/aopalliance-1.0.jar:/Users/juniorgodoy/.m2/repository/cglib/cglib/3.2.5/cglib-3.2.5.jar:/Users/juniorgodoy/.m2/repository/org/ow2/asm/asm/5.0.3/asm-5.0.3.jar:/Users/juniorgodoy/.m2/repository/commons-codec/commons-codec/1.10/commons-codec-1.10.jar:/Users/juniorgodoy/.m2/repository/org/objenesis/objenesis/2.6/objenesis-2.6.jar:/Users/juniorgodoy/.m2/repository/xml-apis/xml-apis/1.4.01/xml-apis-1.4.01.jar:/Users/juniorgodoy/.m2/repository/io/cucumber/cucumber-core/2.4.0/cucumber-core-2.4.0.jar:/Users/juniorgodoy/.m2/repository/info/cukes/cucumber-html/0.2.6/cucumber-html-0.2.6.jar:/Users/juniorgodoy/.m2/repository/io/cucumber/cucumber-jvm-deps/1.0.6/cucumber-jvm-deps-1.0.6.jar:/Users/juniorgodoy/.m2/repository/io/cucumber/gherkin/5.0.0/gherkin-5.0.0.jar:/Users/juniorgodoy/.m2/repository/io/cucumber/tag-expressions/1.1.1/tag-expressions-1.1.1.jar:/Users/juniorgodoy/.m2/repository/commons-logging/commons-logging/1.2/commons-logging-1.2.jar:/Users/juniorgodoy/.m2/repository/io/vavr/vavr/0.9.0/vavr-0.9.0.jar:/Users/juniorgodoy/.m2/repository/io/vavr/vavr-match/0.9.0/vavr-match-0.9.0.jar:/Users/juniorgodoy/.m2/repository/javax/xml/bind/jaxb-api/2.2.12/jaxb-api-2.2.12.jar:/Users/juniorgodoy/.m2/repository/com/sun/xml/bind/jaxb-core/2.3.0.1/jaxb-core-2.3.0.1.jar:/Users/juniorgodoy/.m2/repository/com/sun/xml/bind/jaxb-impl/2.3.0.1/jaxb-impl-2.3.0.1.jar:/Users/juniorgodoy/.m2/repository/javax/activation/activation/1.1.1/activation-1.1.1.jar:/Users/juniorgodoy/.m2/repository/org/mockito/mockito-core/2.23.4/mockito-core-2.23.4.jar:/Users/juniorgodoy/.m2/repository/net/serenity-bdd/serenity-report-resources/2.0.40/serenity-report-resources-2.0.40.jar:/Users/juniorgodoy/.m2/repository/net/serenity-bdd/serenity-model/2.0.40/serenity-model-2.0.40.jar:/Users/juniorgodoy/.m2/repository/commons-net/commons-net/3.6/commons-net-3.6.jar:/Users/juniorgodoy/.m2/repository/org/apache/commons/commons-text/1.6/commons-text-1.6.jar:/Users/juniorgodoy/.m2/repository/net/serenity-bdd/serenity-reports/2.0.40/serenity-reports-2.0.40.jar:/Users/juniorgodoy/.m2/repository/net/serenity-bdd/serenity-stats/2.0.40/serenity-stats-2.0.40.jar:/Users/juniorgodoy/.m2/repository/org/jetbrains/kotlin/kotlin-stdlib/1.2.51/kotlin-stdlib-1.2.51.jar:/Users/juniorgodoy/.m2/repository/org/jetbrains/kotlin/kotlin-stdlib-common/1.2.51/kotlin-stdlib-common-1.2.51.jar:/Users/juniorgodoy/.m2/repository/org/jetbrains/annotations/13.0/annotations-13.0.jar:/Users/juniorgodoy/.m2/repository/com/google/code/gson/gson/2.8.4/gson-2.8.4.jar:/Users/juniorgodoy/.m2/repository/commons-io/commons-io/2.6/commons-io-2.6.jar:/Users/juniorgodoy/.m2/repository/org/seleniumhq/selenium/selenium-server/3.141.59/selenium-server-3.141.59.jar:/Users/juniorgodoy/.m2/repository/org/seleniumhq/selenium/selenium-firefox-driver/3.141.59/selenium-firefox-driver-3.141.59.jar:/Users/juniorgodoy/.m2/repository/org/seleniumhq/selenium/selenium-ie-driver/3.141.59/selenium-ie-driver-3.141.59.jar:/Users/juniorgodoy/.m2/repository/com/beust/jcommander/1.72/jcommander-1.72.jar:/Users/juniorgodoy/.m2/repository/org/apache/commons/commons-exec/1.3/commons-exec-1.3.jar:/Users/juniorgodoy/.m2/repository/net/jcip/jcip-annotations/1.0/jcip-annotations-1.0.jar:/Users/juniorgodoy/.m2/repository/org/seleniumhq/selenium/jetty-repacked/9.4.12.v20180830/jetty-repacked-9.4.12.v20180830.jar:/Users/juniorgodoy/.m2/repository/com/squareup/okhttp3/okhttp/3.11.0/okhttp-3.11.0.jar:/Users/juniorgodoy/.m2/repository/com/squareup/okio/okio/1.14.0/okio-1.14.0.jar:/Users/juniorgodoy/.m2/repository/javax/servlet/javax.servlet-api/3.1.0/javax.servlet-api-3.1.0.jar:/Users/juniorgodoy/.m2/repository/org/yaml/snakeyaml/1.19/snakeyaml-1.19.jar:/Users/juniorgodoy/.m2/repository/org/seleniumhq/selenium/selenium-java/3.141.59/selenium-java-3.141.59.jar:/Users/juniorgodoy/.m2/repository/org/seleniumhq/selenium/selenium-api/3.141.59/selenium-api-3.141.59.jar:/Users/juniorgodoy/.m2/repository/org/seleniumhq/selenium/selenium-chrome-driver/3.141.59/selenium-chrome-driver-3.141.59.jar:/Users/juniorgodoy/.m2/repository/org/seleniumhq/selenium/selenium-edge-driver/3.141.59/selenium-edge-driver-3.141.59.jar:/Users/juniorgodoy/.m2/repository/org/seleniumhq/selenium/selenium-remote-driver/3.141.59/selenium-remote-driver-3.141.59.jar:/Users/juniorgodoy/.m2/repository/org/seleniumhq/selenium/selenium-safari-driver/3.141.59/selenium-safari-driver-3.141.59.jar:/Users/juniorgodoy/.m2/repository/org/seleniumhq/selenium/selenium-opera-driver/3.141.59/selenium-opera-driver-3.141.59.jar:/Users/juniorgodoy/.m2/repository/org/seleniumhq/selenium/selenium-support/3.141.59/selenium-support-3.141.59.jar:/Users/juniorgodoy/.m2/repository/com/paulhammant/ngwebdriver/1.1.4/ngwebdriver-1.1.4.jar:/Users/juniorgodoy/.m2/repository/com/codeborne/phantomjsdriver/1.4.4/phantomjsdriver-1.4.4.jar:/Users/juniorgodoy/.m2/repository/org/eclipse/jetty/jetty-util/9.4.8.v20171121/jetty-util-9.4.8.v20171121.jar:/Users/juniorgodoy/.m2/repository/org/eclipse/jetty/jetty-io/9.4.8.v20171121/jetty-io-9.4.8.v20171121.jar:/Users/juniorgodoy/.m2/repository/org/seleniumhq/selenium/htmlunit-driver/2.33.1/htmlunit-driver-2.33.1.jar:/Users/juniorgodoy/.m2/repository/io/appium/java-client/6.1.0/java-client-6.1.0.jar:/Users/juniorgodoy/.m2/repository/commons-validator/commons-validator/1.6/commons-validator-1.6.jar:/Users/juniorgodoy/.m2/repository/commons-beanutils/commons-beanutils/1.9.2/commons-beanutils-1.9.2.jar:/Users/juniorgodoy/.m2/repository/commons-digester/commons-digester/1.8.1/commons-digester-1.8.1.jar:/Users/juniorgodoy/.m2/repository/org/springframework/spring-context/5.0.5.RELEASE/spring-context-5.0.5.RELEASE.jar:/Users/juniorgodoy/.m2/repository/org/springframework/spring-aop/5.0.5.RELEASE/spring-aop-5.0.5.RELEASE.jar:/Users/juniorgodoy/.m2/repository/org/springframework/spring-beans/5.0.5.RELEASE/spring-beans-5.0.5.RELEASE.jar:/Users/juniorgodoy/.m2/repository/org/springframework/spring-core/5.0.5.RELEASE/spring-core-5.0.5.RELEASE.jar:/Users/juniorgodoy/.m2/repository/org/springframework/spring-jcl/5.0.5.RELEASE/spring-jcl-5.0.5.RELEASE.jar:/Users/juniorgodoy/.m2/repository/org/springframework/spring-expression/5.0.5.RELEASE/spring-expression-5.0.5.RELEASE.jar:/Users/juniorgodoy/.m2/repository/org/aspectj/aspectjweaver/1.9.1/aspectjweaver-1.9.1.jar:/Users/juniorgodoy/.m2/repository/org/openpnp/opencv/3.2.0-1/opencv-3.2.0-1.jar:/Users/juniorgodoy/.m2/repository/org/glassfish/tyrus/tyrus-core/1.13.1/tyrus-core-1.13.1.jar:/Users/juniorgodoy/.m2/repository/org/glassfish/tyrus/tyrus-spi/1.13.1/tyrus-spi-1.13.1.jar:/Users/juniorgodoy/.m2/repository/javax/websocket/javax.websocket-api/1.1/javax.websocket-api-1.1.jar:/Users/juniorgodoy/.m2/repository/org/codehaus/groovy/groovy/2.5.5/groovy-2.5.5.jar:/Users/juniorgodoy/.m2/repository/net/sf/opencsv/opencsv/2.0/opencsv-2.0.jar:/Users/juniorgodoy/.m2/repository/commons-beanutils/commons-beanutils-core/1.8.3/commons-beanutils-core-1.8.3.jar:/Users/juniorgodoy/.m2/repository/joda-time/joda-time/2.7/joda-time-2.7.jar:/Users/juniorgodoy/.m2/repository/com/thoughtworks/xstream/xstream/1.4.9/xstream-1.4.9.jar:/Users/juniorgodoy/.m2/repository/xmlpull/xmlpull/1.1.3.1/xmlpull-1.1.3.1.jar:/Users/juniorgodoy/.m2/repository/xpp3/xpp3_min/1.1.4c/xpp3_min-1.1.4c.jar:/Users/juniorgodoy/.m2/repository/org/apache/commons/commons-lang3/3.8.1/commons-lang3-3.8.1.jar:/Users/juniorgodoy/.m2/repository/commons-collections/commons-collections/3.2.2/commons-collections-3.2.2.jar:/Users/juniorgodoy/.m2/repository/org/freemarker/freemarker/2.3.28/freemarker-2.3.28.jar:/Users/juniorgodoy/.m2/repository/net/sourceforge/jexcelapi/jxl/2.6.12/jxl-2.6.12.jar:/Users/juniorgodoy/.m2/repository/org/hamcrest/hamcrest-core/1.3/hamcrest-core-1.3.jar:/Users/juniorgodoy/.m2/repository/org/hamcrest/hamcrest-library/1.3/hamcrest-library-1.3.jar:/Users/juniorgodoy/.m2/repository/net/sourceforge/htmlunit/htmlunit/2.33/htmlunit-2.33.jar:/Users/juniorgodoy/.m2/repository/net/sourceforge/htmlunit/htmlunit-core-js/2.33/htmlunit-core-js-2.33.jar:/Users/juniorgodoy/.m2/repository/net/sourceforge/htmlunit/neko-htmlunit/2.33/neko-htmlunit-2.33.jar:/Users/juniorgodoy/.m2/repository/xerces/xercesImpl/2.12.0/xercesImpl-2.12.0.jar:/Users/juniorgodoy/.m2/repository/net/sourceforge/htmlunit/htmlunit-cssparser/1.2.0/htmlunit-cssparser-1.2.0.jar:/Users/juniorgodoy/.m2/repository/org/eclipse/jetty/websocket/websocket-client/9.4.12.v20180830/websocket-client-9.4.12.v20180830.jar:/Users/juniorgodoy/.m2/repository/org/eclipse/jetty/jetty-client/9.4.12.v20180830/jetty-client-9.4.12.v20180830.jar:/Users/juniorgodoy/.m2/repository/org/eclipse/jetty/jetty-http/9.4.12.v20180830/jetty-http-9.4.12.v20180830.jar:/Users/juniorgodoy/.m2/repository/org/eclipse/jetty/jetty-xml/9.4.12.v20180830/jetty-xml-9.4.12.v20180830.jar:/Users/juniorgodoy/.m2/repository/org/eclipse/jetty/websocket/websocket-common/9.4.12.v20180830/websocket-common-9.4.12.v20180830.jar:/Users/juniorgodoy/.m2/repository/org/eclipse/jetty/websocket/websocket-api/9.4.12.v20180830/websocket-api-9.4.12.v20180830.jar:/Users/juniorgodoy/.m2/repository/org/apache/httpcomponents/httpclient/4.5.5/httpclient-4.5.5.jar:/Users/juniorgodoy/.m2/repository/org/apache/httpcomponents/httpcore/4.4.9/httpcore-4.4.9.jar:/Users/juniorgodoy/.m2/repository/org/apache/httpcomponents/httpmime/4.5.5/httpmime-4.5.5.jar:/Users/juniorgodoy/.m2/repository/org/fluentlenium/fluentlenium-core/0.10.2/fluentlenium-core-0.10.2.jar:/Users/juniorgodoy/.m2/repository/com/jhlabs/filters/2.0.235/filters-2.0.235.jar:/Users/juniorgodoy/.m2/repository/org/asciidoctor/asciidoctorj/1.5.6/asciidoctorj-1.5.6.jar:/Users/juniorgodoy/.m2/repository/org/jruby/jruby-complete/1.7.26/jruby-complete-1.7.26.jar:/Users/juniorgodoy/.m2/repository/org/imgscalr/imgscalr-lib/4.2/imgscalr-lib-4.2.jar:/Users/juniorgodoy/.m2/repository/javax/el/javax.el-api/2.2.4/javax.el-api-2.2.4.jar:/Users/juniorgodoy/.m2/repository/org/glassfish/web/javax.el/2.2.4/javax.el-2.2.4.jar:/Users/juniorgodoy/.m2/repository/xalan/xalan/2.7.2/xalan-2.7.2.jar:/Users/juniorgodoy/.m2/repository/xalan/serializer/2.7.2/serializer-2.7.2.jar:/Users/juniorgodoy/.m2/repository/org/awaitility/awaitility/3.1.0/awaitility-3.1.0.jar:/Users/juniorgodoy/.m2/repository/com/typesafe/config/1.3.1/config-1.3.1.jar:/Users/juniorgodoy/.m2/repository/org/jsoup/jsoup/1.10.3/jsoup-1.10.3.jar:/Users/juniorgodoy/.m2/repository/com/google/jimfs/jimfs/1.1/jimfs-1.1.jar:/Users/juniorgodoy/.m2/repository/es/nitaur/markdown/txtmark/0.16/txtmark-0.16.jar:/Users/juniorgodoy/.m2/repository/com/vladsch/flexmark/flexmark-all/0.34.30/flexmark-all-0.34.30.jar:/Users/juniorgodoy/.m2/repository/com/vladsch/flexmark/flexmark/0.34.30/flexmark-0.34.30.jar:/Users/juniorgodoy/.m2/repository/com/vladsch/flexmark/flexmark-ext-abbreviation/0.34.30/flexmark-ext-abbreviation-0.34.30.jar:/Users/juniorgodoy/.m2/repository/com/vladsch/flexmark/flexmark-ext-admonition/0.34.30/flexmark-ext-admonition-0.34.30.jar:/Users/juniorgodoy/.m2/repository/com/vladsch/flexmark/flexmark-ext-anchorlink/0.34.30/flexmark-ext-anchorlink-0.34.30.jar:/Users/juniorgodoy/.m2/repository/com/vladsch/flexmark/flexmark-ext-aside/0.34.30/flexmark-ext-aside-0.34.30.jar:/Users/juniorgodoy/.m2/repository/com/vladsch/flexmark/flexmark-ext-attributes/0.34.30/flexmark-ext-attributes-0.34.30.jar:/Users/juniorgodoy/.m2/repository/com/vladsch/flexmark/flexmark-ext-autolink/0.34.30/flexmark-ext-autolink-0.34.30.jar:/Users/juniorgodoy/.m2/repository/org/nibor/autolink/autolink/0.6.0/autolink-0.6.0.jar:/Users/juniorgodoy/.m2/repository/com/vladsch/flexmark/flexmark-ext-definition/0.34.30/flexmark-ext-definition-0.34.30.jar:/Users/juniorgodoy/.m2/repository/com/vladsch/flexmark/flexmark-ext-emoji/0.34.30/flexmark-ext-emoji-0.34.30.jar:/Users/juniorgodoy/.m2/repository/com/vladsch/flexmark/flexmark-ext-enumerated-reference/0.34.30/flexmark-ext-enumerated-reference-0.34.30.jar:/Users/juniorgodoy/.m2/repository/com/vladsch/flexmark/flexmark-ext-escaped-character/0.34.30/flexmark-ext-escaped-character-0.34.30.jar:/Users/juniorgodoy/.m2/repository/com/vladsch/flexmark/flexmark-ext-footnotes/0.34.30/flexmark-ext-footnotes-0.34.30.jar:/Users/juniorgodoy/.m2/repository/com/vladsch/flexmark/flexmark-ext-gfm-issues/0.34.30/flexmark-ext-gfm-issues-0.34.30.jar:/Users/juniorgodoy/.m2/repository/com/vladsch/flexmark/flexmark-ext-gfm-strikethrough/0.34.30/flexmark-ext-gfm-strikethrough-0.34.30.jar:/Users/juniorgodoy/.m2/repository/com/vladsch/flexmark/flexmark-ext-gfm-tables/0.34.30/flexmark-ext-gfm-tables-0.34.30.jar:/Users/juniorgodoy/.m2/repository/com/vladsch/flexmark/flexmark-ext-gfm-tasklist/0.34.30/flexmark-ext-gfm-tasklist-0.34.30.jar:/Users/juniorgodoy/.m2/repository/com/vladsch/flexmark/flexmark-ext-gfm-users/0.34.30/flexmark-ext-gfm-users-0.34.30.jar:/Users/juniorgodoy/.m2/repository/com/vladsch/flexmark/flexmark-ext-gitlab/0.34.30/flexmark-ext-gitlab-0.34.30.jar:/Users/juniorgodoy/.m2/repository/com/vladsch/flexmark/flexmark-ext-jekyll-front-matter/0.34.30/flexmark-ext-jekyll-front-matter-0.34.30.jar:/Users/juniorgodoy/.m2/repository/com/vladsch/flexmark/flexmark-ext-jekyll-tag/0.34.30/flexmark-ext-jekyll-tag-0.34.30.jar:/Users/juniorgodoy/.m2/repository/com/vladsch/flexmark/flexmark-ext-media-tags/0.34.30/flexmark-ext-media-tags-0.34.30.jar:/Users/juniorgodoy/.m2/repository/com/vladsch/flexmark/flexmark-test-util/0.34.30/flexmark-test-util-0.34.30.jar:/Users/juniorgodoy/.m2/repository/com/vladsch/flexmark/flexmark-ext-ins/0.34.30/flexmark-ext-ins-0.34.30.jar:/Users/juniorgodoy/.m2/repository/com/vladsch/flexmark/flexmark-ext-xwiki-macros/0.34.30/flexmark-ext-xwiki-macros-0.34.30.jar:/Users/juniorgodoy/.m2/repository/com/vladsch/flexmark/flexmark-ext-superscript/0.34.30/flexmark-ext-superscript-0.34.30.jar:/Users/juniorgodoy/.m2/repository/com/vladsch/flexmark/flexmark-ext-tables/0.34.30/flexmark-ext-tables-0.34.30.jar:/Users/juniorgodoy/.m2/repository/com/vladsch/flexmark/flexmark-ext-toc/0.34.30/flexmark-ext-toc-0.34.30.jar:/Users/juniorgodoy/.m2/repository/com/vladsch/flexmark/flexmark-ext-typographic/0.34.30/flexmark-ext-typographic-0.34.30.jar:/Users/juniorgodoy/.m2/repository/com/vladsch/flexmark/flexmark-ext-wikilink/0.34.30/flexmark-ext-wikilink-0.34.30.jar:/Users/juniorgodoy/.m2/repository/com/vladsch/flexmark/flexmark-ext-yaml-front-matter/0.34.30/flexmark-ext-yaml-front-matter-0.34.30.jar:/Users/juniorgodoy/.m2/repository/com/vladsch/flexmark/flexmark-ext-youtube-embedded/0.34.30/flexmark-ext-youtube-embedded-0.34.30.jar:/Users/juniorgodoy/.m2/repository/com/vladsch/flexmark/flexmark-formatter/0.34.30/flexmark-formatter-0.34.30.jar:/Users/juniorgodoy/.m2/repository/com/vladsch/flexmark/flexmark-html-parser/0.34.30/flexmark-html-parser-0.34.30.jar:/Users/juniorgodoy/.m2/repository/com/vladsch/flexmark/flexmark-jira-converter/0.34.30/flexmark-jira-converter-0.34.30.jar:/Users/juniorgodoy/.m2/repository/com/vladsch/flexmark/flexmark-pdf-converter/0.34.30/flexmark-pdf-converter-0.34.30.jar:/Users/juniorgodoy/.m2/repository/com/openhtmltopdf/openhtmltopdf-core/0.0.1-RC13/openhtmltopdf-core-0.0.1-RC13.jar:/Users/juniorgodoy/.m2/repository/com/openhtmltopdf/openhtmltopdf-pdfbox/0.0.1-RC13/openhtmltopdf-pdfbox-0.0.1-RC13.jar:/Users/juniorgodoy/.m2/repository/org/apache/pdfbox/pdfbox/2.0.8/pdfbox-2.0.8.jar:/Users/juniorgodoy/.m2/repository/org/apache/pdfbox/fontbox/2.0.8/fontbox-2.0.8.jar:/Users/juniorgodoy/.m2/repository/org/apache/pdfbox/xmpbox/2.0.8/xmpbox-2.0.8.jar:/Users/juniorgodoy/.m2/repository/de/rototor/pdfbox/graphics2d/0.12/graphics2d-0.12.jar:/Users/juniorgodoy/.m2/repository/com/openhtmltopdf/openhtmltopdf-rtl-support/0.0.1-RC13/openhtmltopdf-rtl-support-0.0.1-RC13.jar:/Users/juniorgodoy/.m2/repository/com/ibm/icu/icu4j/59.1/icu4j-59.1.jar:/Users/juniorgodoy/.m2/repository/com/openhtmltopdf/openhtmltopdf-jsoup-dom-converter/0.0.1-RC13/openhtmltopdf-jsoup-dom-converter-0.0.1-RC13.jar:/Users/juniorgodoy/.m2/repository/com/vladsch/flexmark/flexmark-profile-pegdown/0.34.30/flexmark-profile-pegdown-0.34.30.jar:/Users/juniorgodoy/.m2/repository/com/vladsch/flexmark/flexmark-util/0.34.30/flexmark-util-0.34.30.jar:/Users/juniorgodoy/.m2/repository/com/vladsch/flexmark/flexmark-youtrack-converter/0.34.30/flexmark-youtrack-converter-0.34.30.jar:/Users/juniorgodoy/.m2/repository/net/serenity-bdd/serenity-junit/2.0.40/serenity-junit-2.0.40.jar:/Users/juniorgodoy/.m2/repository/net/serenity-bdd/serenity-screenplay/2.0.40/serenity-screenplay-2.0.40.jar:/Users/juniorgodoy/.m2/repository/uk/com/robust-it/cloning/1.9.10/cloning-1.9.10.jar:/Users/juniorgodoy/.m2/repository/net/serenity-bdd/serenity-screenplay-webdriver/2.0.40/serenity-screenplay-webdriver-2.0.40.jar:/Users/juniorgodoy/.m2/repository/net/serenity-bdd/serenity-cucumber/1.9.31/serenity-cucumber-1.9.31.jar:/Users/juniorgodoy/.m2/repository/io/cucumber/cucumber-java/2.4.0/cucumber-java-2.4.0.jar:/Users/juniorgodoy/.m2/repository/io/cucumber/cucumber-junit/2.4.0/cucumber-junit-2.4.0.jar:/Users/juniorgodoy/.m2/repository/org/apache/commons/commons-csv/1.5/commons-csv-1.5.jar:/Users/juniorgodoy/.m2/repository/junit/junit/4.12/junit-4.12.jar:/Users/juniorgodoy/.m2/repository/org/assertj/assertj-core/3.6.2/assertj-core-3.6.2.jar:/Users/juniorgodoy/.m2/repository/org/hamcrest/hamcrest-all/1.3/hamcrest-all-1.3.jar:/Users/juniorgodoy/.m2/repository/net/serenity-bdd/serenity-rest-assured/2.0.90/serenity-rest-assured-2.0.90.jar:/Users/juniorgodoy/.m2/repository/io/rest-assured/rest-assured/3.3.0/rest-assured-3.3.0.jar:/Users/juniorgodoy/.m2/repository/org/ccil/cowan/tagsoup/tagsoup/1.2.1/tagsoup-1.2.1.jar:/Users/juniorgodoy/.m2/repository/io/rest-assured/json-path/3.3.0/json-path-3.3.0.jar:/Users/juniorgodoy/.m2/repository/io/rest-assured/rest-assured-common/3.3.0/rest-assured-common-3.3.0.jar:/Users/juniorgodoy/.m2/repository/io/rest-assured/xml-path/3.3.0/xml-path-3.3.0.jar:/Users/juniorgodoy/.m2/repository/com/sun/xml/bind/jaxb-osgi/2.2.10/jaxb-osgi-2.2.10.jar:/Users/juniorgodoy/.m2/repository/org/apache/sling/org.apache.sling.javax.activation/0.1.0/org.apache.sling.javax.activation-0.1.0.jar:/Users/juniorgodoy/.m2/repository/org/codehaus/groovy/groovy-xml/2.5.5/groovy-xml-2.5.5.jar:/Users/juniorgodoy/.m2/repository/org/codehaus/groovy/groovy-json/2.5.5/groovy-json-2.5.5.jar:"/>
    <property name="sun.cpu.endian" value="little"/>
    <property name="user.home" value="/Users/juniorgodoy"/>
    <property name="user.language" value="en"/>
    <property name="java.specification.vendor" value="Oracle Corporation"/>
    <property name="java.version.date" value="2022-10-18"/>
    <property name="java.home" value="/Library/Java/JavaVirtualMachines/jdk-11.0.17.jdk/Contents/Home"/>
    <property name="file.separator" value="/"/>
    <property name="basedir" value="/Users/juniorgodoy/IdeaProjects/SeleniumExercise"/>
    <property name="java.vm.compressedOopsMode" value="Zero based"/>
    <property name="line.separator" value="&#10;"/>
    <property name="java.specification.name" value="Java Platform API Specification"/>
    <property name="java.vm.specification.vendor" value="Oracle Corporation"/>
    <property name="java.awt.graphicsenv" value="sun.awt.CGraphicsEnvironment"/>
    <property name="surefire.real.class.path" value="/Users/juniorgodoy/IdeaProjects/SeleniumExercise/target/surefire/surefirebooter7537196483022424895.jar"/>
    <property name="java.protocol.handler.pkgs" value="com.google.common"/>
    <property name="sun.management.compiler" value="HotSpot 64-Bit Tiered Compilers"/>
    <property name="java.runtime.version" value="11.0.17+10-LTS-269"/>
    <property name="user.name" value="juniorgodoy"/>
    <property name="path.separator" value=":"/>
    <property name="os.version" value="12.6.5"/>
    <property name="java.runtime.name" value="Java(TM) SE Runtime Environment"/>
    <property name="file.encoding" value="UTF-8"/>
    <property name="java.vm.name" value="Java HotSpot(TM) 64-Bit Server VM"/>
    <property name="java.vendor.version" value="18.9"/>
    <property name="localRepository" value="/Users/juniorgodoy/.m2/repository"/>
    <property name="java.vendor.url.bug" value="https://bugreport.java.com/bugreport/"/>
    <property name="java.io.tmpdir" value="/var/folders/mb/1w2cfyyn2tb0jxngth8yq2w40000gp/T/"/>
    <property name="idea.version" value="2022.3.3"/>
    <property name="java.version" value="11.0.17"/>
    <property name="user.dir" value="/Users/juniorgodoy/IdeaProjects/SeleniumExercise"/>
    <property name="os.arch" value="x86_64"/>
    <property name="java.vm.specification.name" value="Java Virtual Machine Specification"/>
    <property name="java.awt.printerjob" value="sun.lwawt.macosx.CPrinterJob"/>
    <property name="sun.os.patch.level" value="unknown"/>
    <property name="java.library.path" value="/Users/juniorgodoy/Library/Java/Extensions:/Library/Java/Extensions:/Network/Library/Java/Extensions:/System/Library/Java/Extensions:/usr/lib/java:."/>
    <property name="java.vendor" value="Oracle Corporation"/>
    <property name="java.vm.info" value="mixed mode"/>
    <property name="java.vm.version" value="11.0.17+10-LTS-269"/>
    <property name="sun.io.unicode.encoding" value="UnicodeBig"/>
    <property name="java.class.version" value="55.0"/>
  </properties>
  <testcase name="user buy 4 expensive products" classname="Login User" time="16.065">
    <failure message="&#10;The following assertion failed:&#10;1) expected:&lt;&quot;[6]&quot;&gt; but was:&lt;&quot;[4]&quot;&gt;&#10;at NativeConstructorAccessorImpl.newInstance0(NativeConstructorAccessorImpl.java:-2) expected:&lt;&quot;[6]&quot;&gt; but was:&lt;&quot;[4]&quot;&gt;&#10;" type="org.assertj.core.api.SoftAssertionError"><![CDATA[org.assertj.core.api.SoftAssertionError: 

The following assertion failed:
1) expected:<"[6]"> but was:<"[4]">
at NativeConstructorAccessorImpl.newInstance0(NativeConstructorAccessorImpl.java:-2) expected:<"[6]"> but was:<"[4]">

]]></failure>
    <system-out><![CDATA[14:06:25.890 [main] DEBUG n.t.c.u.PropertiesFileLocalPreferences - LOADING LOCAL PROPERTIES FROM /Users/juniorgodoy/IdeaProjects/SeleniumExercise/serenity.properties 
14:06:25.893 [main] DEBUG n.t.c.u.PropertiesFileLocalPreferences - LOADING LOCAL PROPERTIES FROM /Users/juniorgodoy/IdeaProjects/SeleniumExercise/serenity.properties 
14:06:25.893 [main] DEBUG n.t.c.u.PropertiesFileLocalPreferences - LOADING LOCAL PROPERTIES FROM /Users/juniorgodoy/IdeaProjects/SeleniumExercise/serenity.properties 
14:06:25.905 [main] DEBUG n.t.c.u.PropertiesFileLocalPreferences - serenity.restart.browser.for.each=SCENARIO
14:06:25.905 [main] DEBUG n.t.c.u.PropertiesFileLocalPreferences - drivers.mac.webdriver.chrome.driver=src/test/resources/webdriver/chromedriver
14:06:25.905 [main] DEBUG n.t.c.u.PropertiesFileLocalPreferences - webdriver.driver=chrome
14:06:25.905 [main] DEBUG n.t.c.u.PropertiesFileLocalPreferences - serenity.test.root=org.example
14:06:25.905 [main] DEBUG n.t.c.u.PropertiesFileLocalPreferences - serenity.project.name=Automation Yelp
14:06:25.905 [main] DEBUG n.t.c.u.PropertiesFileLocalPreferences - serenity.take.screenshoots=DISABLED
14:06:25.905 [main] DEBUG n.t.c.u.PropertiesFileLocalPreferences - serenity.browser.maximized=true
14:06:25.905 [main] DEBUG n.t.c.u.PropertiesFileLocalPreferences - serenity.use.unique.browser=true
14:06:26.127 [main] DEBUG n.t.c.u.PropertiesFileLocalPreferences - LOADING LOCAL PROPERTIES FROM /Users/juniorgodoy/IdeaProjects/SeleniumExercise/serenity.properties 
14:06:26.128 [main] DEBUG n.t.c.u.PropertiesFileLocalPreferences - LOADING LOCAL PROPERTIES FROM /Users/juniorgodoy/IdeaProjects/SeleniumExercise/serenity.properties 
14:06:26.128 [main] DEBUG n.t.c.u.PropertiesFileLocalPreferences - LOADING LOCAL PROPERTIES FROM /Users/juniorgodoy/IdeaProjects/SeleniumExercise/serenity.properties 
14:06:26.133 [main] DEBUG n.t.c.u.PropertiesFileLocalPreferences - serenity.restart.browser.for.each=SCENARIO
14:06:26.133 [main] DEBUG n.t.c.u.PropertiesFileLocalPreferences - drivers.mac.webdriver.chrome.driver=src/test/resources/webdriver/chromedriver
14:06:26.133 [main] DEBUG n.t.c.u.PropertiesFileLocalPreferences - webdriver.driver=chrome
14:06:26.133 [main] DEBUG n.t.c.u.PropertiesFileLocalPreferences - serenity.test.root=org.example
14:06:26.133 [main] DEBUG n.t.c.u.PropertiesFileLocalPreferences - serenity.project.name=Automation Yelp
14:06:26.133 [main] DEBUG n.t.c.u.PropertiesFileLocalPreferences - serenity.take.screenshoots=DISABLED
14:06:26.134 [main] DEBUG n.t.c.u.PropertiesFileLocalPreferences - serenity.browser.maximized=true
14:06:26.134 [main] DEBUG n.t.c.u.PropertiesFileLocalPreferences - serenity.use.unique.browser=true
14:06:26.138 [main] INFO  n.t.c.steps.ConsoleLoggingListener - 

-------------------------------------------------------------------------------------
     _______. _______ .______       _______ .__   __.  __  .___________.____    ____ 
    /       ||   ____||   _  \     |   ____||  \ |  | |  | |           |\   \  /   / 
   |   (----`|  |__   |  |_)  |    |  |__   |   \|  | |  | `---|  |----` \   \/   /  
    \   \    |   __|  |      /     |   __|  |  . `  | |  |     |  |       \_    _/   
.----)   |   |  |____ |  |\  \----.|  |____ |  |\   | |  |     |  |         |  |     
|_______/    |_______|| _| `._____||_______||__| \__| |__|     |__|         |__|    
                                                                                     
 News and tutorials at http://www.serenity-bdd.info                                  
 Documentation at https://wakaleo.gitbooks.io/the-serenity-book/content/             
 Join the Serenity Community on Rocket Chat at https://serenity-bdd.rocket.chat      
 Serenity BDD Support and Training at http://serenity-bdd.info/#/trainingandsupport  
 Learn Serenity BDD online at http://serenity-dojo.com                               
-------------------------------------------------------------------------------------

14:06:26.141 [main] DEBUG n.thucydides.core.steps.StepEventBus - Test suite started for story net.thucydides.core.model.Story@b7200d25
14:06:26.142 [main] INFO  n.t.c.steps.ConsoleLoggingListener - Test Suite Started: Login User
14:06:26.256 [pool-1-thread-1] INFO  n.t.c.steps.ConsoleLoggingListener - 
 _____ _____ ____ _____   ____ _____  _    ____ _____ _____ ____  
|_   _| ____/ ___|_   _| / ___|_   _|/ \  |  _ \_   _| ____|  _ \ 
  | | |  _| \___ \ | |   \___ \ | | / _ \ | |_) || | |  _| | | | |
  | | | |___ ___) || |    ___) || |/ ___ \|  _ < | | | |___| |_| |
  |_| |_____|____/ |_|   |____/ |_/_/   \_\_| \_\|_| |_____|____/ 
                                                                  

TEST STARTED: user buy 4 expensive products
-------------------------------------------------------------------(login-user;user-buy-4-expensive-products)
14:06:26.279 [pool-1-thread-1] DEBUG n.t.core.requirements.RootDirectory - Resource directories found in  in 9 ms: [src/test/resources]
14:06:26.286 [pool-1-thread-1] DEBUG n.t.core.requirements.RootDirectory - Resource directories found in /Users/juniorgodoy/IdeaProjects/SeleniumExercise in 2 ms: [/Users/juniorgodoy/IdeaProjects/SeleniumExercise/src/test/resources]
14:06:26.304 [pool-1-thread-1] DEBUG n.t.c.r.m.cucumber.CucumberParser - Found no Cucumber 4.x.x class cucumber.runtime.model.FeatureLoader try Cucumber 2.x.x 
Feature: Login User

  Background:                                          &amp#27;[90m# src/test/resources/features/SauceDemo.feature:2&amp#27;[0m
14:06:42.389 [pool-1-thread-1] DEBUG n.t.core.reports.ReportService - Reporting formats: [JSON, HTML]
14:06:42.394 [pool-1-thread-1] DEBUG n.t.core.reports.ReportService - Found reporter: net.thucydides.core.reports.xml.XMLTestOutcomeReporter@7a3d9f68(format = Optional[XML])
14:06:42.395 [pool-1-thread-1] DEBUG n.t.core.reports.ReportService - Found reporter: net.thucydides.core.reports.json.JSONTestOutcomeReporter@32b8dabb(format = Optional[JSON])
14:06:42.395 [pool-1-thread-1] DEBUG n.t.core.reports.ReportService - Registering reporter: net.thucydides.core.reports.json.JSONTestOutcomeReporter@32b8dabb
14:06:42.488 [pool-1-thread-1] DEBUG n.t.core.reports.ReportService - Found reporter: net.thucydides.core.reports.html.HtmlAcceptanceTestReporter@16316053(format = Optional[HTML])
14:06:42.488 [pool-1-thread-1] DEBUG n.t.core.reports.ReportService - Registering reporter: net.thucydides.core.reports.html.HtmlAcceptanceTestReporter@16316053
14:06:42.489 [pool-1-thread-1] DEBUG n.t.core.reports.ReportService - Reporting formats: [JSON, HTML]
14:06:42.505 [pool-1-thread-1] DEBUG n.t.core.reports.ReportService - Generating reports for 1 test outcomes using: net.thucydides.core.reports.json.JSONTestOutcomeReporter@32b8dabb
14:06:42.507 [pool-1-thread-1] DEBUG n.t.c.r.j.JUnitXMLOutcomeReporter - GENERATING JUNIT REPORTS
14:06:42.507 [pool-1-thread-1] DEBUG n.t.core.reports.ReportService - Processing test outcome Login User:user buy 4 expensive products
14:06:42.507 [pool-1-thread-1] DEBUG n.t.core.reports.ReportService - net.thucydides.core.reports.json.JSONTestOutcomeReporter@32b8dabb: Generating report for test outcome: Login User:user buy 4 expensive products
14:06:42.510 [pool-1-thread-1] DEBUG n.t.c.r.json.JSONTestOutcomeReporter - Generating JSON report for user buy 4 expensive products to file /Users/juniorgodoy/IdeaProjects/SeleniumExercise/target/site/serenity/e020454e30ace0c9fa30841407c66330c72377f2d3f86605695c0c9241c20ffc.json (using temp file /Users/juniorgodoy/IdeaProjects/SeleniumExercise/target/site/serenity/e020454e30ace0c9fa30841407c66330c72377f2d3f86605695c0c9241c20ffc.json111c0c10-bcd6-4fec-b9c6-0420ddd94750)
14:06:42.544 [pool-1-thread-1] DEBUG n.t.core.reports.ReportService - Processing test outcome Login User:user buy 4 expensive products done
14:06:42.723 [pool-1-thread-1] DEBUG n.t.core.reports.ReportService - Shutting down executor service
14:06:42.723 [pool-1-thread-1] DEBUG n.t.core.reports.ReportService - Reports generated in: 217 ms
14:06:42.723 [pool-1-thread-1] DEBUG n.t.core.reports.ReportService - Generating reports for 1 test outcomes using: net.thucydides.core.reports.html.HtmlAcceptanceTestReporter@16316053
14:06:42.723 [pool-1-thread-1] DEBUG n.t.c.r.j.JUnitXMLOutcomeReporter - GENERATING JUNIT REPORTS
14:06:42.723 [pool-2-thread-1] DEBUG n.t.core.reports.ReportService - Processing test outcome Login User:user buy 4 expensive products
14:06:42.724 [pool-2-thread-1] DEBUG n.t.core.reports.ReportService - net.thucydides.core.reports.html.HtmlAcceptanceTestReporter@16316053: Generating report for test outcome: Login User:user buy 4 expensive products
14:06:42.724 [pool-2-thread-1] DEBUG n.t.c.r.h.HtmlAcceptanceTestReporter - GENERATE TEST OUTCOME REPORT FOR user buy 4 expensive products in e020454e30ace0c9fa30841407c66330c72377f2d3f86605695c0c9241c20ffc
14:06:42.738 [pool-2-thread-1] INFO  n.t.c.r.PackageRequirementsTagProvider - Loading requirements from package requirements at: org.example
14:06:43.023 [pool-2-thread-1] DEBUG n.t.c.r.m.cucumber.CucumberParser - Found no Cucumber 4.x.x class cucumber.runtime.model.FeatureLoader try Cucumber 2.x.x 
14:06:43.025 [pool-2-thread-1] DEBUG n.t.c.r.RequirementsTagProvider - Requirements found:[Requirement{name='Login User', type='feature' parent = 'null', cardNumber='null'}]
14:06:43.027 [pool-2-thread-1] DEBUG n.t.c.r.BaseRequirementsService - Requirement found for test outcome user buy 4 expensive products-[]: Optional[Requirement{name='Login User', type='feature' parent = 'null', cardNumber='null'}]
14:06:43.029 [pool-2-thread-1] DEBUG n.t.c.r.BaseRequirementsService - Requirement found for test outcome user buy 4 expensive products-[]: Optional[Requirement{name='Login User', type='feature' parent = 'null', cardNumber='null'}]
14:06:43.086 [pool-2-thread-1] DEBUG n.t.c.r.BaseRequirementsService - Requirement found for test outcome user buy 4 expensive products-[]: Optional[Requirement{name='Login User', type='feature' parent = 'null', cardNumber='null'}]
14:06:43.086 [pool-2-thread-1] DEBUG n.t.c.r.BaseRequirementsService - Requirement found for test outcome user buy 4 expensive products-[]: Optional[Requirement{name='Login User', type='feature' parent = 'null', cardNumber='null'}]
14:06:43.163 [pool-2-thread-1] DEBUG n.t.c.r.h.HtmlAcceptanceTestReporter - Generating report in e020454e30ace0c9fa30841407c66330c72377f2d3f86605695c0c9241c20ffc_screenshots.html
14:06:43.589 [pool-2-thread-1] DEBUG n.t.c.r.h.HtmlAcceptanceTestReporter - Generated report e020454e30ace0c9fa30841407c66330c72377f2d3f86605695c0c9241c20ffc_screenshots.html in 426 ms
14:06:43.590 [pool-2-thread-1] DEBUG n.t.c.r.h.HtmlAcceptanceTestReporter - GENERATING HTML REPORT FOR Login User:user buy 4 expensive products in e020454e30ace0c9fa30841407c66330c72377f2d3f86605695c0c9241c20ffc.html in directory target/site/serenity  
14:06:44.866 [pool-2-thread-1] DEBUG n.t.c.r.h.HtmlAcceptanceTestReporter - Generating report in e020454e30ace0c9fa30841407c66330c72377f2d3f86605695c0c9241c20ffc.html
14:06:45.028 [pool-2-thread-1] DEBUG n.t.c.r.h.HtmlAcceptanceTestReporter - Generated report e020454e30ace0c9fa30841407c66330c72377f2d3f86605695c0c9241c20ffc.html in 162 ms
14:06:45.028 [pool-2-thread-1] DEBUG n.t.core.reports.ReportService - Processing test outcome Login User:user buy 4 expensive products done
14:06:45.029 [pool-1-thread-1] DEBUG n.t.core.reports.ReportService - Shutting down executor service
14:06:45.029 [pool-1-thread-1] DEBUG n.t.core.reports.ReportService - Reports generated in: 2306 ms
14:06:45.029 [pool-1-thread-1] DEBUG n.s.core.photography.Darkroom - Closing darkroom

&amp#27;[31mFailed scenarios:&amp#27;[0m
&amp#27;[31msrc/test/resources/features/SauceDemo.feature:8 &amp#27;[0m# user buy 4 expensive products

1 Scenarios (&amp#27;[31m1 failed&amp#27;[0m)
11 Steps (&amp#27;[31m1 failed&amp#27;[0m, &amp#27;[32m10 passed&amp#27;[0m)
0m16.325s

org.assertj.core.api.SoftAssertionError: 
The following assertion failed:
1) expected:<"[6]"> but was:<"[4]">
at NativeConstructorAccessorImpl.newInstance0(NativeConstructorAccessorImpl.java:-2) expected:<"[6]"> but was:<"[4]">

	at org.assertj.core.api.SoftAssertions.assertAll(SoftAssertions.java:134)
	at saucedemo.stepsdefinitions.UserStepsDefinitions.successMessageIsDisplayed(UserStepsDefinitions.java:80)
	at .success message is displayed(src/test/resources/features/SauceDemo.feature:15)

14:06:27.113 [pool-1-thread-1] DEBUG n.s.c.w.s.ChromeServicePool - Creating new driver instance with capabilities: Capabilities {acceptInsecureCerts: false, browserName: chrome, goog:chromeOptions: {args: [--enable-automation, --test-type], extensions: []}, platform: ANY, version: }

14:06:30.076 [pool-1-thread-1] DEBUG n.s.core.photography.Darkroom - Opening darkroom
14:06:30.077 [Darkroom Processing Line] DEBUG n.s.c.p.DarkroomProcessingLine - Darkroom processing line starting up
14:06:30.505 [pool-1-thread-1] DEBUG n.s.core.photography.Darkroom - Send negative for processing for target/site/serenity/55130e4bdc74ec6038d6824e8393b5484fd80aee32e8f1714b07821720eee65a.png
14:06:30.506 [Darkroom Processing Line] DEBUG n.s.c.p.DarkroomProcessingLine - Processing screenshot image in /var/screenshots/screenshot-9877741682249237408
14:06:30.506 [Darkroom Processing Line] DEBUG n.s.c.p.DarkroomProcessingLine - Saving screenshot to target/site/serenity/55130e4bdc74ec6038d6824e8393b5484fd80aee32e8f1714b07821720eee65a.png

    &amp#27;[32mGiven &amp#27;[0m&amp#27;[32muser navigates to https://www.saucedemo.com/&amp#27;[0m &amp#27;[90m# UserStepsDefinitions.userNavigateToSauceDemo()&amp#27;[0m


14:06:31.567 [pool-1-thread-1] DEBUG n.s.core.photography.Darkroom - Send negative for processing for target/site/serenity/3d350c2faa2c3453493ec02ef5ce931ecee2c0dad7da560b46c8de4c11869b09.png
14:06:31.567 [Darkroom Processing Line] DEBUG n.s.c.p.DarkroomProcessingLine - Processing screenshot image in /var/screenshots/screenshot-16493601274685629259
14:06:31.567 [Darkroom Processing Line] DEBUG n.s.c.p.DarkroomProcessingLine - Saving screenshot to target/site/serenity/3d350c2faa2c3453493ec02ef5ce931ecee2c0dad7da560b46c8de4c11869b09.png

    &amp#27;[32mAnd &amp#27;[0m&amp#27;[32mlogin as standard user&amp#27;[0m                         &amp#27;[90m# UserStepsDefinitions.loginAsStandardUser()&amp#27;[0m


14:06:36.852 [pool-1-thread-1] DEBUG n.s.core.photography.Darkroom - Send negative for processing for target/site/serenity/82301e4300b4a4b472a4d36776b0448883d7be890d7e34e8eaeaa70335fdd80d.png
14:06:36.853 [Darkroom Processing Line] DEBUG n.s.c.p.DarkroomProcessingLine - Processing screenshot image in /var/screenshots/screenshot-12266461487376812630
14:06:36.853 [Darkroom Processing Line] DEBUG n.s.c.p.DarkroomProcessingLine - Saving screenshot to target/site/serenity/82301e4300b4a4b472a4d36776b0448883d7be890d7e34e8eaeaa70335fdd80d.png

    &amp#27;[32mAnd &amp#27;[0m&amp#27;[32mgo to about page&amp#27;[0m                               &amp#27;[90m# UserStepsDefinitions.goToAboutPage()&amp#27;[0m


14:06:37.445 [pool-1-thread-1] DEBUG n.s.core.photography.Darkroom - Send negative for processing for target/site/serenity/df583a4a1bed578d4dc7a8973f316b405f6725c9125b474445c2eefac4dc74d7.png
14:06:37.445 [Darkroom Processing Line] DEBUG n.s.c.p.DarkroomProcessingLine - Processing screenshot image in /var/screenshots/screenshot-16529678481140095913
14:06:37.445 [Darkroom Processing Line] DEBUG n.s.c.p.DarkroomProcessingLine - Saving screenshot to target/site/serenity/df583a4a1bed578d4dc7a8973f316b405f6725c9125b474445c2eefac4dc74d7.png

    &amp#27;[32mAnd &amp#27;[0m&amp#27;[32mgo back to inventory page&amp#27;[0m                      &amp#27;[90m# UserStepsDefinitions.goBackToInventoryPage()&amp#27;[0m


  Scenario: user buy 4 expensive products         &amp#27;[90m# src/test/resources/features/SauceDemo.feature:8&amp#27;[0m

14:06:38.194 [pool-1-thread-1] DEBUG n.s.core.photography.Darkroom - Send negative for processing for target/site/serenity/4f030020b9d4fb2081851c491cad1641835454ac13104cf0befbc7ae9649f987.png
14:06:38.195 [Darkroom Processing Line] DEBUG n.s.c.p.DarkroomProcessingLine - Processing screenshot image in /var/screenshots/screenshot-4614919371038116314
14:06:38.195 [Darkroom Processing Line] DEBUG n.s.c.p.DarkroomProcessingLine - Saving screenshot to target/site/serenity/4f030020b9d4fb2081851c491cad1641835454ac13104cf0befbc7ae9649f987.png

    &amp#27;[32mGiven &amp#27;[0m&amp#27;[32m4 most expensive products added to cart&amp#27;[0m &amp#27;[90m# UserStepsDefinitions.userAddFourMostExpensiveProductsToCart()&amp#27;[0m


14:06:38.858 [pool-1-thread-1] DEBUG n.s.core.photography.Darkroom - Send negative for processing for target/site/serenity/4f030020b9d4fb2081851c491cad1641835454ac13104cf0befbc7ae9649f987.png

    &amp#27;[32mAnd &amp#27;[0m&amp#27;[32muser check shopping cart badge&amp#27;[0m            &amp#27;[90m# UserStepsDefinitions.userCheckShoppingCartBadge()&amp#27;[0m


14:06:39.639 [pool-1-thread-1] DEBUG n.s.core.photography.Darkroom - Send negative for processing for target/site/serenity/56f1173c5e620261f5def20f9fd5f4bdb4e16bc639ce52238e13addaa145c2d4.png
14:06:39.640 [Darkroom Processing Line] DEBUG n.s.c.p.DarkroomProcessingLine - Processing screenshot image in /var/screenshots/screenshot-15135738191283457270
14:06:39.640 [Darkroom Processing Line] DEBUG n.s.c.p.DarkroomProcessingLine - Saving screenshot to target/site/serenity/56f1173c5e620261f5def20f9fd5f4bdb4e16bc639ce52238e13addaa145c2d4.png

    &amp#27;[32mWhen &amp#27;[0m&amp#27;[32muser go to cart page&amp#27;[0m                     &amp#27;[90m# UserStepsDefinitions.userGoToCartPage()&amp#27;[0m


14:06:40.575 [pool-1-thread-1] DEBUG n.s.core.photography.Darkroom - Send negative for processing for target/site/serenity/cc7f1c195e25f32dd1d116adec4a2be0e6a3a97440666e465fe67e27d379edac.png
14:06:40.575 [Darkroom Processing Line] DEBUG n.s.c.p.DarkroomProcessingLine - Processing screenshot image in /var/screenshots/screenshot-607419923645465753
14:06:40.575 [Darkroom Processing Line] DEBUG n.s.c.p.DarkroomProcessingLine - Saving screenshot to target/site/serenity/cc7f1c195e25f32dd1d116adec4a2be0e6a3a97440666e465fe67e27d379edac.png
    &amp#27;[32mAnd &amp#27;[0m&amp#27;[32mcomplete checkout step one&amp#27;[0m                &amp#27;[90m# UserStepsDefinitions.userCompleteCheckoutStepOne()&amp#27;[0m


14:06:41.418 [pool-1-thread-1] DEBUG n.s.core.photography.Darkroom - Send negative for processing for target/site/serenity/583d18737a56c1211a460f2adc2e50254ed04ecb2b4f2f29b4b5c97c1e9d3eb1.png
14:06:41.419 [Darkroom Processing Line] DEBUG n.s.c.p.DarkroomProcessingLine - Processing screenshot image in /var/screenshots/screenshot-16412956789421449552
14:06:41.419 [Darkroom Processing Line] DEBUG n.s.c.p.DarkroomProcessingLine - Saving screenshot to target/site/serenity/583d18737a56c1211a460f2adc2e50254ed04ecb2b4f2f29b4b5c97c1e9d3eb1.png

    &amp#27;[32mAnd &amp#27;[0m&amp#27;[32mcheck order on checkout step two&amp#27;[0m          &amp#27;[90m# UserStepsDefinitions.checkOrderOnCheckoutStepTwo()&amp#27;[0m


14:06:41.835 [pool-1-thread-1] DEBUG n.s.core.photography.Darkroom - Send negative for processing for target/site/serenity/f3781f0694cf342a36a76e9c29320ed69788e351195e4f54bc4e596b45a02aba.png
14:06:41.835 [Darkroom Processing Line] DEBUG n.s.c.p.DarkroomProcessingLine - Processing screenshot image in /var/screenshots/screenshot-353890357866901180
14:06:41.835 [Darkroom Processing Line] DEBUG n.s.c.p.DarkroomProcessingLine - Saving screenshot to target/site/serenity/f3781f0694cf342a36a76e9c29320ed69788e351195e4f54bc4e596b45a02aba.png
    &amp#27;[32mAnd &amp#27;[0m&amp#27;[32mfinish order&amp#27;[0m                              &amp#27;[90m# UserStepsDefinitions.userFinishOrder()&amp#27;[0m


14:06:42.182 [pool-1-thread-1] DEBUG n.s.core.photography.Darkroom - Send negative for processing for target/site/serenity/f3781f0694cf342a36a76e9c29320ed69788e351195e4f54bc4e596b45a02aba.png
    &amp#27;[31mThen &amp#27;[0m&amp#27;[31msuccess message is displayed&amp#27;[0m             &amp#27;[90m# UserStepsDefinitions.successMessageIsDisplayed()&amp#27;[0m
      &amp#27;[31morg.assertj.core.api.SoftAssertionError: 
The following assertion failed:
1) expected:<"[6]"> but was:<"[4]">
at NativeConstructorAccessorImpl.newInstance0(NativeConstructorAccessorImpl.java:-2) expected:<"[6]"> but was:<"[4]">

	at org.assertj.core.api.SoftAssertions.assertAll(SoftAssertions.java:134)
	at saucedemo.stepsdefinitions.UserStepsDefinitions.successMessageIsDisplayed(UserStepsDefinitions.java:80)
	at .success message is displayed(src/test/resources/features/SauceDemo.feature:15)
&amp#27;[0m
14:06:42.262 [pool-1-thread-1] ERROR n.t.c.steps.ConsoleLoggingListener - 
           __  _____ _____ ____ _____   _____ _    ___ _     _____ ____  
  _       / / |_   _| ____/ ___|_   _| |  ___/ \  |_ _| |   | ____|  _ \ 
 (_)_____| |    | | |  _| \___ \ | |   | |_ / _ \  | || |   |  _| | | | |
  _|_____| |    | | | |___ ___) || |   |  _/ ___ \ | || |___| |___| |_| |
 (_)     | |    |_| |_____|____/ |_|   |_|/_/   \_\___|_____|_____|____/ 
          \_\                                                            

TEST FAILED: user buy 4 expensive products
--------------------------------------------------------------------------
14:06:42.267 [pool-1-thread-1] DEBUG n.t.c.steps.ConsoleLoggingListener - RELATED ISSUES: 
14:06:42.378 [pool-1-thread-1] ERROR n.t.c.steps.ConsoleLoggingListener - TEST FAILED AT STEP Then success message is displayed
14:06:42.379 [pool-1-thread-1] ERROR n.t.c.steps.ConsoleLoggingListener - The following assertion failed:1) expected:<"[6]"> but was:<"[4]">at NativeConstructorAccessorImpl.newInstance0(NativeConstructorAccessorImpl.java:-2) expected:<"[6]"> but was:<"[4]">
14:06:45.029 [Darkroom Processing Line] DEBUG n.s.c.p.DarkroomProcessingLine - Darkroom processing line shutting down
]]></system-out>
    <system-err><![CDATA[May 05, 2023 2:06:27 PM org.openqa.selenium.remote.DesiredCapabilities chrome
INFO: Using `new ChromeOptions()` is preferred to `DesiredCapabilities.chrome()`
Starting ChromeDriver 113.0.5672.63 (0e1a4471d5ae5bf128b1bd8f4d627c8cbd55f70c-refs/branch-heads/5672@{#912}) on port 21244
Only local connections are allowed.
Please see https://chromedriver.chromium.org/security-considerations for suggestions on keeping ChromeDriver safe.
ChromeDriver was started successfully.
May 05, 2023 2:06:28 PM org.openqa.selenium.remote.ProtocolHandshake createSession
INFO: Detected dialect: W3C
]]></system-err>
  </testcase>
</testsuite>