<?xml version="1.0" encoding="UTF-8"?>
<testsuite xmlns:xsi="http://www.w3.org/2001/XMLSchema-instance" xsi:noNamespaceSchemaLocation="https://maven.apache.org/surefire/maven-failsafe-plugin/xsd/failsafe-test-report.xsd" name="Login User" time="16.065" tests="1" errors="0" skipped="0" failures="1">
  <properties>
[...]
</properties>
  <testcase name="user buy 4 expensive products" classname="Login User" time="16.065">
    <failure message="&#10;The following assertion failed:&#10;1) expected:&lt;&quot;[6]&quot;&gt; but was:&lt;&quot;[4]&quot;&gt;&#10;at NativeConstructorAccessorImpl.newInstance0(NativeConstructorAccessorImpl.java:-2) expected:&lt;&quot;[6]&quot;&gt; but was:&lt;&quot;[4]&quot;&gt;&#10;" type="org.assertj.core.api.SoftAssertionError"><![CDATA[org.assertj.core.api.SoftAssertionError: 

The following assertion failed:
1) expected:<"[6]"> but was:<"[4]">
at NativeConstructorAccessorImpl.newInstance0(NativeConstructorAccessorImpl.java:-2) expected:<"[6]"> but was:<"[4]">

]]></failure>
    <system-out><![CDATA[14:06:25.890 [main] DEBUG n.t.c.u.PropertiesFileLocalPreferences - LOADING LOCAL PROPERTIES FROM /Users/juniorgodoy/IdeaProjects/SeleniumExercise/serenity.properties 
14:06:25.893 [main] DEBUG n.t.c.u.PropertiesFileLocalPreferences - LOADING LOCAL PROPERTIES FROM /Users/juniorgodoy/IdeaProjects/SeleniumExercise/serenity.properties 
14:06:25.893 [main] DEBUG n.t.c.u.PropertiesFileLocalPreferences - LOADING LOCAL PROPERTIES FROM /Users/juniorgodoy/IdeaProjects/SeleniumExercise/serenity.properties 
14:06:25.905 [main] DEBUG n.t.c.u.PropertiesFileLocalPreferences - serenity.restart.browser.for.each=SCENARIO
14:06:25.905 [main] DEBUG n.t.c.u.PropertiesFileLocalPreferences - drivers.mac.webdriver.chrome.driver=src/test/resources/webdriver/chromedriver
14:06:25.905 [main] DEBUG n.t.c.u.PropertiesFileLocalPreferences - webdriver.driver=chrome
14:06:25.905 [main] DEBUG n.t.c.u.PropertiesFileLocalPreferences - serenity.test.root=org.example
14:06:25.905 [main] DEBUG n.t.c.u.PropertiesFileLocalPreferences - serenity.project.name=Automation Yelp
14:06:25.905 [main] DEBUG n.t.c.u.PropertiesFileLocalPreferences - serenity.take.screenshoots=DISABLED
14:06:25.905 [main] DEBUG n.t.c.u.PropertiesFileLocalPreferences - serenity.browser.maximized=true
14:06:25.905 [main] DEBUG n.t.c.u.PropertiesFileLocalPreferences - serenity.use.unique.browser=true
14:06:26.127 [main] DEBUG n.t.c.u.PropertiesFileLocalPreferences - LOADING LOCAL PROPERTIES FROM /Users/juniorgodoy/IdeaProjects/SeleniumExercise/serenity.properties 
14:06:26.128 [main] DEBUG n.t.c.u.PropertiesFileLocalPreferences - LOADING LOCAL PROPERTIES FROM /Users/juniorgodoy/IdeaProjects/SeleniumExercise/serenity.properties 
14:06:26.128 [main] DEBUG n.t.c.u.PropertiesFileLocalPreferences - LOADING LOCAL PROPERTIES FROM /Users/juniorgodoy/IdeaProjects/SeleniumExercise/serenity.properties 
14:06:26.133 [main] DEBUG n.t.c.u.PropertiesFileLocalPreferences - serenity.restart.browser.for.each=SCENARIO
14:06:26.133 [main] DEBUG n.t.c.u.PropertiesFileLocalPreferences - drivers.mac.webdriver.chrome.driver=src/test/resources/webdriver/chromedriver
14:06:26.133 [main] DEBUG n.t.c.u.PropertiesFileLocalPreferences - webdriver.driver=chrome
14:06:26.133 [main] DEBUG n.t.c.u.PropertiesFileLocalPreferences - serenity.test.root=org.example
14:06:26.133 [main] DEBUG n.t.c.u.PropertiesFileLocalPreferences - serenity.project.name=Automation Yelp
14:06:26.133 [main] DEBUG n.t.c.u.PropertiesFileLocalPreferences - serenity.take.screenshoots=DISABLED
14:06:26.134 [main] DEBUG n.t.c.u.PropertiesFileLocalPreferences - serenity.browser.maximized=true
14:06:26.134 [main] DEBUG n.t.c.u.PropertiesFileLocalPreferences - serenity.use.unique.browser=true
14:06:26.138 [main] INFO  n.t.c.steps.ConsoleLoggingListener - 

-------------------------------------------------------------------------------------
     _______. _______ .______       _______ .__   __.  __  .___________.____    ____ 
    /       ||   ____||   _  \     |   ____||  \ |  | |  | |           |\   \  /   / 
   |   (----`|  |__   |  |_)  |    |  |__   |   \|  | |  | `---|  |----` \   \/   /  
    \   \    |   __|  |      /     |   __|  |  . `  | |  |     |  |       \_    _/   
.----)   |   |  |____ |  |\  \----.|  |____ |  |\   | |  |     |  |         |  |     
|_______/    |_______|| _| `._____||_______||__| \__| |__|     |__|         |__|    
                                                                                     
 News and tutorials at http://www.serenity-bdd.info                                  
 Documentation at https://wakaleo.gitbooks.io/the-serenity-book/content/             
 Join the Serenity Community on Rocket Chat at https://serenity-bdd.rocket.chat      
 Serenity BDD Support and Training at http://serenity-bdd.info/#/trainingandsupport  
 Learn Serenity BDD online at http://serenity-dojo.com                               
-------------------------------------------------------------------------------------

14:06:26.141 [main] DEBUG n.thucydides.core.steps.StepEventBus - Test suite started for story net.thucydides.core.model.Story@b7200d25
14:06:26.142 [main] INFO  n.t.c.steps.ConsoleLoggingListener - Test Suite Started: Login User
14:06:26.256 [pool-1-thread-1] INFO  n.t.c.steps.ConsoleLoggingListener - 
 _____ _____ ____ _____   ____ _____  _    ____ _____ _____ ____  
|_   _| ____/ ___|_   _| / ___|_   _|/ \  |  _ \_   _| ____|  _ \ 
  | | |  _| \___ \ | |   \___ \ | | / _ \ | |_) || | |  _| | | | |
  | | | |___ ___) || |    ___) || |/ ___ \|  _ < | | | |___| |_| |
  |_| |_____|____/ |_|   |____/ |_/_/   \_\_| \_\|_| |_____|____/ 
                                                                  

TEST STARTED: user buy 4 expensive products
-------------------------------------------------------------------(login-user;user-buy-4-expensive-products)
14:06:26.279 [pool-1-thread-1] DEBUG n.t.core.requirements.RootDirectory - Resource directories found in  in 9 ms: [src/test/resources]
14:06:26.286 [pool-1-thread-1] DEBUG n.t.core.requirements.RootDirectory - Resource directories found in /Users/juniorgodoy/IdeaProjects/SeleniumExercise in 2 ms: [/Users/juniorgodoy/IdeaProjects/SeleniumExercise/src/test/resources]
14:06:26.304 [pool-1-thread-1] DEBUG n.t.c.r.m.cucumber.CucumberParser - Found no Cucumber 4.x.x class cucumber.runtime.model.FeatureLoader try Cucumber 2.x.x 
Feature: Login User

  Background:                                          &amp#27;[90m# src/test/resources/features/SauceDemo.feature:2&amp#27;[0m
14:06:42.389 [pool-1-thread-1] DEBUG n.t.core.reports.ReportService - Reporting formats: [JSON, HTML]
14:06:42.394 [pool-1-thread-1] DEBUG n.t.core.reports.ReportService - Found reporter: net.thucydides.core.reports.xml.XMLTestOutcomeReporter@7a3d9f68(format = Optional[XML])
14:06:42.395 [pool-1-thread-1] DEBUG n.t.core.reports.ReportService - Found reporter: net.thucydides.core.reports.json.JSONTestOutcomeReporter@32b8dabb(format = Optional[JSON])
14:06:42.395 [pool-1-thread-1] DEBUG n.t.core.reports.ReportService - Registering reporter: net.thucydides.core.reports.json.JSONTestOutcomeReporter@32b8dabb
14:06:42.488 [pool-1-thread-1] DEBUG n.t.core.reports.ReportService - Found reporter: net.thucydides.core.reports.html.HtmlAcceptanceTestReporter@16316053(format = Optional[HTML])
14:06:42.488 [pool-1-thread-1] DEBUG n.t.core.reports.ReportService - Registering reporter: net.thucydides.core.reports.html.HtmlAcceptanceTestReporter@16316053
14:06:42.489 [pool-1-thread-1] DEBUG n.t.core.reports.ReportService - Reporting formats: [JSON, HTML]
14:06:42.505 [pool-1-thread-1] DEBUG n.t.core.reports.ReportService - Generating reports for 1 test outcomes using: net.thucydides.core.reports.json.JSONTestOutcomeReporter@32b8dabb
14:06:42.507 [pool-1-thread-1] DEBUG n.t.c.r.j.JUnitXMLOutcomeReporter - GENERATING JUNIT REPORTS
14:06:42.507 [pool-1-thread-1] DEBUG n.t.core.reports.ReportService - Processing test outcome Login User:user buy 4 expensive products
14:06:42.507 [pool-1-thread-1] DEBUG n.t.core.reports.ReportService - net.thucydides.core.reports.json.JSONTestOutcomeReporter@32b8dabb: Generating report for test outcome: Login User:user buy 4 expensive products
14:06:42.510 [pool-1-thread-1] DEBUG n.t.c.r.json.JSONTestOutcomeReporter - Generating JSON report for user buy 4 expensive products to file /Users/juniorgodoy/IdeaProjects/SeleniumExercise/target/site/serenity/e020454e30ace0c9fa30841407c66330c72377f2d3f86605695c0c9241c20ffc.json (using temp file /Users/juniorgodoy/IdeaProjects/SeleniumExercise/target/site/serenity/e020454e30ace0c9fa30841407c66330c72377f2d3f86605695c0c9241c20ffc.json111c0c10-bcd6-4fec-b9c6-0420ddd94750)
14:06:42.544 [pool-1-thread-1] DEBUG n.t.core.reports.ReportService - Processing test outcome Login User:user buy 4 expensive products done
14:06:42.723 [pool-1-thread-1] DEBUG n.t.core.reports.ReportService - Shutting down executor service
14:06:42.723 [pool-1-thread-1] DEBUG n.t.core.reports.ReportService - Reports generated in: 217 ms
14:06:42.723 [pool-1-thread-1] DEBUG n.t.core.reports.ReportService - Generating reports for 1 test outcomes using: net.thucydides.core.reports.html.HtmlAcceptanceTestReporter@16316053
14:06:42.723 [pool-1-thread-1] DEBUG n.t.c.r.j.JUnitXMLOutcomeReporter - GENERATING JUNIT REPORTS
14:06:42.723 [pool-2-thread-1] DEBUG n.t.core.reports.ReportService - Processing test outcome Login User:user buy 4 expensive products
14:06:42.724 [pool-2-thread-1] DEBUG n.t.core.reports.ReportService - net.thucydides.core.reports.html.HtmlAcceptanceTestReporter@16316053: Generating report for test outcome: Login User:user buy 4 expensive products
14:06:42.724 [pool-2-thread-1] DEBUG n.t.c.r.h.HtmlAcceptanceTestReporter - GENERATE TEST OUTCOME REPORT FOR user buy 4 expensive products in e020454e30ace0c9fa30841407c66330c72377f2d3f86605695c0c9241c20ffc
14:06:42.738 [pool-2-thread-1] INFO  n.t.c.r.PackageRequirementsTagProvider - Loading requirements from package requirements at: org.example
14:06:43.023 [pool-2-thread-1] DEBUG n.t.c.r.m.cucumber.CucumberParser - Found no Cucumber 4.x.x class cucumber.runtime.model.FeatureLoader try Cucumber 2.x.x 
14:06:43.025 [pool-2-thread-1] DEBUG n.t.c.r.RequirementsTagProvider - Requirements found:[Requirement{name='Login User', type='feature' parent = 'null', cardNumber='null'}]
14:06:43.027 [pool-2-thread-1] DEBUG n.t.c.r.BaseRequirementsService - Requirement found for test outcome user buy 4 expensive products-[]: Optional[Requirement{name='Login User', type='feature' parent = 'null', cardNumber='null'}]
14:06:43.029 [pool-2-thread-1] DEBUG n.t.c.r.BaseRequirementsService - Requirement found for test outcome user buy 4 expensive products-[]: Optional[Requirement{name='Login User', type='feature' parent = 'null', cardNumber='null'}]
14:06:43.086 [pool-2-thread-1] DEBUG n.t.c.r.BaseRequirementsService - Requirement found for test outcome user buy 4 expensive products-[]: Optional[Requirement{name='Login User', type='feature' parent = 'null', cardNumber='null'}]
14:06:43.086 [pool-2-thread-1] DEBUG n.t.c.r.BaseRequirementsService - Requirement found for test outcome user buy 4 expensive products-[]: Optional[Requirement{name='Login User', type='feature' parent = 'null', cardNumber='null'}]
14:06:43.163 [pool-2-thread-1] DEBUG n.t.c.r.h.HtmlAcceptanceTestReporter - Generating report in e020454e30ace0c9fa30841407c66330c72377f2d3f86605695c0c9241c20ffc_screenshots.html
14:06:43.589 [pool-2-thread-1] DEBUG n.t.c.r.h.HtmlAcceptanceTestReporter - Generated report e020454e30ace0c9fa30841407c66330c72377f2d3f86605695c0c9241c20ffc_screenshots.html in 426 ms
14:06:43.590 [pool-2-thread-1] DEBUG n.t.c.r.h.HtmlAcceptanceTestReporter - GENERATING HTML REPORT FOR Login User:user buy 4 expensive products in e020454e30ace0c9fa30841407c66330c72377f2d3f86605695c0c9241c20ffc.html in directory target/site/serenity  
14:06:44.866 [pool-2-thread-1] DEBUG n.t.c.r.h.HtmlAcceptanceTestReporter - Generating report in e020454e30ace0c9fa30841407c66330c72377f2d3f86605695c0c9241c20ffc.html
14:06:45.028 [pool-2-thread-1] DEBUG n.t.c.r.h.HtmlAcceptanceTestReporter - Generated report e020454e30ace0c9fa30841407c66330c72377f2d3f86605695c0c9241c20ffc.html in 162 ms
14:06:45.028 [pool-2-thread-1] DEBUG n.t.core.reports.ReportService - Processing test outcome Login User:user buy 4 expensive products done
14:06:45.029 [pool-1-thread-1] DEBUG n.t.core.reports.ReportService - Shutting down executor service
14:06:45.029 [pool-1-thread-1] DEBUG n.t.core.reports.ReportService - Reports generated in: 2306 ms
14:06:45.029 [pool-1-thread-1] DEBUG n.s.core.photography.Darkroom - Closing darkroom

&amp#27;[31mFailed scenarios:&amp#27;[0m
&amp#27;[31msrc/test/resources/features/SauceDemo.feature:8 &amp#27;[0m# user buy 4 expensive products

1 Scenarios (&amp#27;[31m1 failed&amp#27;[0m)
11 Steps (&amp#27;[31m1 failed&amp#27;[0m, &amp#27;[32m10 passed&amp#27;[0m)
0m16.325s

org.assertj.core.api.SoftAssertionError: 
The following assertion failed:
1) expected:<"[6]"> but was:<"[4]">
at NativeConstructorAccessorImpl.newInstance0(NativeConstructorAccessorImpl.java:-2) expected:<"[6]"> but was:<"[4]">

	at org.assertj.core.api.SoftAssertions.assertAll(SoftAssertions.java:134)
	at saucedemo.stepsdefinitions.UserStepsDefinitions.successMessageIsDisplayed(UserStepsDefinitions.java:80)
	at ✽.success message is displayed(src/test/resources/features/SauceDemo.feature:15)

14:06:27.113 [pool-1-thread-1] DEBUG n.s.c.w.s.ChromeServicePool - Creating new driver instance with capabilities: Capabilities {acceptInsecureCerts: false, browserName: chrome, goog:chromeOptions: {args: [--enable-automation, --test-type], extensions: []}, platform: ANY, version: }

14:06:30.076 [pool-1-thread-1] DEBUG n.s.core.photography.Darkroom - Opening darkroom
14:06:30.077 [Darkroom Processing Line] DEBUG n.s.c.p.DarkroomProcessingLine - Darkroom processing line starting up
14:06:30.505 [pool-1-thread-1] DEBUG n.s.core.photography.Darkroom - Send negative for processing for target/site/serenity/55130e4bdc74ec6038d6824e8393b5484fd80aee32e8f1714b07821720eee65a.png
14:06:30.506 [Darkroom Processing Line] DEBUG n.s.c.p.DarkroomProcessingLine - Processing screenshot image in /var/screenshots/screenshot-9877741682249237408
14:06:30.506 [Darkroom Processing Line] DEBUG n.s.c.p.DarkroomProcessingLine - Saving screenshot to target/site/serenity/55130e4bdc74ec6038d6824e8393b5484fd80aee32e8f1714b07821720eee65a.png

    &amp#27;[32mGiven &amp#27;[0m&amp#27;[32muser navigates to https://www.saucedemo.com/&amp#27;[0m &amp#27;[90m# UserStepsDefinitions.userNavigateToSauceDemo()&amp#27;[0m


14:06:31.567 [pool-1-thread-1] DEBUG n.s.core.photography.Darkroom - Send negative for processing for target/site/serenity/3d350c2faa2c3453493ec02ef5ce931ecee2c0dad7da560b46c8de4c11869b09.png
14:06:31.567 [Darkroom Processing Line] DEBUG n.s.c.p.DarkroomProcessingLine - Processing screenshot image in /var/screenshots/screenshot-16493601274685629259
14:06:31.567 [Darkroom Processing Line] DEBUG n.s.c.p.DarkroomProcessingLine - Saving screenshot to target/site/serenity/3d350c2faa2c3453493ec02ef5ce931ecee2c0dad7da560b46c8de4c11869b09.png

    &amp#27;[32mAnd &amp#27;[0m&amp#27;[32mlogin as standard user&amp#27;[0m                         &amp#27;[90m# UserStepsDefinitions.loginAsStandardUser()&amp#27;[0m


14:06:36.852 [pool-1-thread-1] DEBUG n.s.core.photography.Darkroom - Send negative for processing for target/site/serenity/82301e4300b4a4b472a4d36776b0448883d7be890d7e34e8eaeaa70335fdd80d.png
14:06:36.853 [Darkroom Processing Line] DEBUG n.s.c.p.DarkroomProcessingLine - Processing screenshot image in /var/screenshots/screenshot-12266461487376812630
14:06:36.853 [Darkroom Processing Line] DEBUG n.s.c.p.DarkroomProcessingLine - Saving screenshot to target/site/serenity/82301e4300b4a4b472a4d36776b0448883d7be890d7e34e8eaeaa70335fdd80d.png

    &amp#27;[32mAnd &amp#27;[0m&amp#27;[32mgo to about page&amp#27;[0m                               &amp#27;[90m# UserStepsDefinitions.goToAboutPage()&amp#27;[0m


14:06:37.445 [pool-1-thread-1] DEBUG n.s.core.photography.Darkroom - Send negative for processing for target/site/serenity/df583a4a1bed578d4dc7a8973f316b405f6725c9125b474445c2eefac4dc74d7.png
14:06:37.445 [Darkroom Processing Line] DEBUG n.s.c.p.DarkroomProcessingLine - Processing screenshot image in /var/screenshots/screenshot-16529678481140095913
14:06:37.445 [Darkroom Processing Line] DEBUG n.s.c.p.DarkroomProcessingLine - Saving screenshot to target/site/serenity/df583a4a1bed578d4dc7a8973f316b405f6725c9125b474445c2eefac4dc74d7.png

    &amp#27;[32mAnd &amp#27;[0m&amp#27;[32mgo back to inventory page&amp#27;[0m                      &amp#27;[90m# UserStepsDefinitions.goBackToInventoryPage()&amp#27;[0m


  Scenario: user buy 4 expensive products         &amp#27;[90m# src/test/resources/features/SauceDemo.feature:8&amp#27;[0m

14:06:38.194 [pool-1-thread-1] DEBUG n.s.core.photography.Darkroom - Send negative for processing for target/site/serenity/4f030020b9d4fb2081851c491cad1641835454ac13104cf0befbc7ae9649f987.png
14:06:38.195 [Darkroom Processing Line] DEBUG n.s.c.p.DarkroomProcessingLine - Processing screenshot image in /var/screenshots/screenshot-4614919371038116314
14:06:38.195 [Darkroom Processing Line] DEBUG n.s.c.p.DarkroomProcessingLine - Saving screenshot to target/site/serenity/4f030020b9d4fb2081851c491cad1641835454ac13104cf0befbc7ae9649f987.png

    &amp#27;[32mGiven &amp#27;[0m&amp#27;[32m4 most expensive products added to cart&amp#27;[0m &amp#27;[90m# UserStepsDefinitions.userAddFourMostExpensiveProductsToCart()&amp#27;[0m


14:06:38.858 [pool-1-thread-1] DEBUG n.s.core.photography.Darkroom - Send negative for processing for target/site/serenity/4f030020b9d4fb2081851c491cad1641835454ac13104cf0befbc7ae9649f987.png

    &amp#27;[32mAnd &amp#27;[0m&amp#27;[32muser check shopping cart badge&amp#27;[0m            &amp#27;[90m# UserStepsDefinitions.userCheckShoppingCartBadge()&amp#27;[0m


14:06:39.639 [pool-1-thread-1] DEBUG n.s.core.photography.Darkroom - Send negative for processing for target/site/serenity/56f1173c5e620261f5def20f9fd5f4bdb4e16bc639ce52238e13addaa145c2d4.png
14:06:39.640 [Darkroom Processing Line] DEBUG n.s.c.p.DarkroomProcessingLine - Processing screenshot image in /var/screenshots/screenshot-15135738191283457270
14:06:39.640 [Darkroom Processing Line] DEBUG n.s.c.p.DarkroomProcessingLine - Saving screenshot to target/site/serenity/56f1173c5e620261f5def20f9fd5f4bdb4e16bc639ce52238e13addaa145c2d4.png

    &amp#27;[32mWhen &amp#27;[0m&amp#27;[32muser go to cart page&amp#27;[0m                     &amp#27;[90m# UserStepsDefinitions.userGoToCartPage()&amp#27;[0m


14:06:40.575 [pool-1-thread-1] DEBUG n.s.core.photography.Darkroom - Send negative for processing for target/site/serenity/cc7f1c195e25f32dd1d116adec4a2be0e6a3a97440666e465fe67e27d379edac.png
14:06:40.575 [Darkroom Processing Line] DEBUG n.s.c.p.DarkroomProcessingLine - Processing screenshot image in /var/screenshots/screenshot-607419923645465753
14:06:40.575 [Darkroom Processing Line] DEBUG n.s.c.p.DarkroomProcessingLine - Saving screenshot to target/site/serenity/cc7f1c195e25f32dd1d116adec4a2be0e6a3a97440666e465fe67e27d379edac.png
    &amp#27;[32mAnd &amp#27;[0m&amp#27;[32mcomplete checkout step one&amp#27;[0m                &amp#27;[90m# UserStepsDefinitions.userCompleteCheckoutStepOne()&amp#27;[0m


14:06:41.418 [pool-1-thread-1] DEBUG n.s.core.photography.Darkroom - Send negative for processing for target/site/serenity/583d18737a56c1211a460f2adc2e50254ed04ecb2b4f2f29b4b5c97c1e9d3eb1.png
14:06:41.419 [Darkroom Processing Line] DEBUG n.s.c.p.DarkroomProcessingLine - Processing screenshot image in /var/screenshots/screenshot-16412956789421449552
14:06:41.419 [Darkroom Processing Line] DEBUG n.s.c.p.DarkroomProcessingLine - Saving screenshot to target/site/serenity/583d18737a56c1211a460f2adc2e50254ed04ecb2b4f2f29b4b5c97c1e9d3eb1.png

    &amp#27;[32mAnd &amp#27;[0m&amp#27;[32mcheck order on checkout step two&amp#27;[0m          &amp#27;[90m# UserStepsDefinitions.checkOrderOnCheckoutStepTwo()&amp#27;[0m


14:06:41.835 [pool-1-thread-1] DEBUG n.s.core.photography.Darkroom - Send negative for processing for target/site/serenity/f3781f0694cf342a36a76e9c29320ed69788e351195e4f54bc4e596b45a02aba.png
14:06:41.835 [Darkroom Processing Line] DEBUG n.s.c.p.DarkroomProcessingLine - Processing screenshot image in /var/screenshots/screenshot-353890357866901180
14:06:41.835 [Darkroom Processing Line] DEBUG n.s.c.p.DarkroomProcessingLine - Saving screenshot to target/site/serenity/f3781f0694cf342a36a76e9c29320ed69788e351195e4f54bc4e596b45a02aba.png
    &amp#27;[32mAnd &amp#27;[0m&amp#27;[32mfinish order&amp#27;[0m                              &amp#27;[90m# UserStepsDefinitions.userFinishOrder()&amp#27;[0m


14:06:42.182 [pool-1-thread-1] DEBUG n.s.core.photography.Darkroom - Send negative for processing for target/site/serenity/f3781f0694cf342a36a76e9c29320ed69788e351195e4f54bc4e596b45a02aba.png
    &amp#27;[31mThen &amp#27;[0m&amp#27;[31msuccess message is displayed&amp#27;[0m             &amp#27;[90m# UserStepsDefinitions.successMessageIsDisplayed()&amp#27;[0m
      &amp#27;[31morg.assertj.core.api.SoftAssertionError: 
The following assertion failed:
1) expected:<"[6]"> but was:<"[4]">
at NativeConstructorAccessorImpl.newInstance0(NativeConstructorAccessorImpl.java:-2) expected:<"[6]"> but was:<"[4]">

	at org.assertj.core.api.SoftAssertions.assertAll(SoftAssertions.java:134)
	at saucedemo.stepsdefinitions.UserStepsDefinitions.successMessageIsDisplayed(UserStepsDefinitions.java:80)
	at ✽.success message is displayed(src/test/resources/features/SauceDemo.feature:15)
&amp#27;[0m
14:06:42.262 [pool-1-thread-1] ERROR n.t.c.steps.ConsoleLoggingListener - 
           __  _____ _____ ____ _____   _____ _    ___ _     _____ ____  
  _       / / |_   _| ____/ ___|_   _| |  ___/ \  |_ _| |   | ____|  _ \ 
 (_)_____| |    | | |  _| \___ \ | |   | |_ / _ \  | || |   |  _| | | | |
  _|_____| |    | | | |___ ___) || |   |  _/ ___ \ | || |___| |___| |_| |
 (_)     | |    |_| |_____|____/ |_|   |_|/_/   \_\___|_____|_____|____/ 
          \_\                                                            

TEST FAILED: user buy 4 expensive products
--------------------------------------------------------------------------
14:06:42.267 [pool-1-thread-1] DEBUG n.t.c.steps.ConsoleLoggingListener - RELATED ISSUES: 
14:06:42.378 [pool-1-thread-1] ERROR n.t.c.steps.ConsoleLoggingListener - TEST FAILED AT STEP Then success message is displayed
14:06:42.379 [pool-1-thread-1] ERROR n.t.c.steps.ConsoleLoggingListener - The following assertion failed:1) expected:<"[6]"> but was:<"[4]">at NativeConstructorAccessorImpl.newInstance0(NativeConstructorAccessorImpl.java:-2) expected:<"[6]"> but was:<"[4]">
14:06:45.029 [Darkroom Processing Line] DEBUG n.s.c.p.DarkroomProcessingLine - Darkroom processing line shutting down
]]></system-out>
    <system-err><![CDATA[May 05, 2023 2:06:27 PM org.openqa.selenium.remote.DesiredCapabilities chrome
INFO: Using `new ChromeOptions()` is preferred to `DesiredCapabilities.chrome()`
Starting ChromeDriver 113.0.5672.63 (0e1a4471d5ae5bf128b1bd8f4d627c8cbd55f70c-refs/branch-heads/5672@{#912}) on port 21244
Only local connections are allowed.
Please see https://chromedriver.chromium.org/security-considerations for suggestions on keeping ChromeDriver safe.
ChromeDriver was started successfully.
May 05, 2023 2:06:28 PM org.openqa.selenium.remote.ProtocolHandshake createSession
INFO: Detected dialect: W3C
]]></system-err>
  </testcase>
</testsuite>